4776
7846
7846
10575
11769
11769
10575
14157
15180
15948
15778
15778
15948
15180
14157
17782
18336
19018
19147
19701
19999
19743
19616
19616
19743
19999
19701
19147
19018
18336
17782
21684
22067
22387
22473
22984
23239
23261
23219
23667
23922
24114
24072
23774
23901
23795
23625
23625
23795
23901
23774
24072
24114
23922
23667
23219
23261
23239
22984
22473
22387
22067
21684
25629
25831
26065
26162
26364
26502
26502
26535
26961
27099
27269
27302
27271
27345
27281
27250
27644
27782
27952
27985
28123
28197
28133
28102
27782
27856
27962
27931
27836
27846
27718
27623
27623
27718
27846
27836
27931
27962
27856
27782
28102
28133
28197
28123
27985
27952
27782
27644
27250
27281
27345
27271
27302
27269
27099
26961
26535
26502
26502
26364
26162
26065
25831
25629
29659
29786
29898
29952
30111
30206
30244
30266
30410
30505
30585
30607
30565
30628
30634
30624
31007
31102
31182
31204
31331
31394
31400
31390
31332
31395
31443
31433
31359
31390
31364
31322
31690
31785
31865
31887
32014
32077
32083
32073
32185
32248
32296
32286
32212
32243
32217
32175
31845
31908
31956
31946
32041
32072
32046
32004
31914
31945
31961
31919
31813
31812
31754
31680
31680
31754
31812
31813
31919
31961
31945
31914
32004
32046
32072
32041
31946
31956
31908
31845
32175
32217
32243
32212
32286
32296
32248
32185
32073
32083
32077
32014
31887
31865
31785
31690
31322
31364
31390
31359
31433
31443
31395
31332
31390
31400
31394
31331
31204
31182
31102
31007
30624
30634
30628
30565
30607
30585
30505
30410
30266
30244
30206
30111
29952
29898
29786
29659
33708
33774
33848
33889
33955
34005
34021
34046
34168
34218
34276
34301
34310
34344
34344
34353
34467
34517
34575
34600
34650
34684
34684
34693
34629
34663
34705
34714
34707
34725
34709
34702
35064
35114
35172
35197
35247
35281
35281
35290
35396
35430
35472
35481
35474
35492
35476
35469
35398
35432
35474
35483
35517
35535
35519
35512
35432
35450
35476
35469
35446
35448
35416
35393
35747
35797
35855
35880
35930
35964
35964
35973
36079
36113
36155
36164
36157
36175
36159
36152
36250
36284
36326
36335
36369
36387
36371
36364
36284
36302
36328
36321
36298
36300
36268
36245
35909
35943
35985
35994
36028
36046
36030
36023
36113
36131
36157
36150
36127
36129
36097
36074
35987
36005
36031
36024
36042
36044
36012
35989
35893
35895
35905
35882
35843
35829
35781
35742
35742
35781
35829
35843
35882
35905
35895
35893
35989
36012
36044
36042
36024
36031
36005
35987
36074
36097
36129
36127
36150
36157
36131
36113
36023
36030
36046
36028
35994
35985
35943
35909
36245
36268
36300
36298
36321
36328
36302
36284
36364
36371
36387
36369
36335
36326
36284
36250
36152
36159
36175
36157
36164
36155
36113
36079
35973
35964
35964
35930
35880
35855
35797
35747
35393
35416
35448
35446
35469
35476
35450
35432
35512
35519
35535
35517
35483
35474
35432
35398
35469
35476
35492
35474
35481
35472
35430
35396
35290
35281
35281
35247
35197
35172
35114
35064
34702
34709
34725
34707
34714
34705
34663
34629
34693
34684
34684
34650
34600
34575
34517
34467
34353
34344
34344
34310
34301
34276
34218
34168
34046
34021
34005
33955
33889
33848
33774
33708
37782
37821
37857
37879
37926
37957
37975
37989
38033
38064
38092
38106
38104
38127
38137
38143
38246
38277
38305
38319
38358
38381
38391
38397
38391
38414
38434
38440
38430
38445
38447
38445
38545
38576
38604
38618
38657
38680
38690
38696
38732
38755
38775
38781
38771
38786
38788
38786
38712
38735
38755
38761
38792
38807
38809
38807
38793
38808
38820
38818
38800
38807
38801
38791
39142
39173
39201
39215
39254
39277
39287
39293
39329
39352
39372
39378
39368
39383
39385
39383
39478
39501
39521
39527
39558
39573
39575
39573
39559
39574
39586
39584
39566
39573
39567
39557
39479
39502
39522
39528
39559
39574
39576
39574
39602
39617
39629
39627
39609
39616
39610
39600
39518
39533
39545
39543
39566
39573
39567
39557
39535
39542
39546
39536
39510
39509
39495
39477
39825
39856
39884
39898
39937
39960
39970
39976
40012
40035
40055
40061
40051
40066
40068
40066
40161
40184
40204
40210
40241
40256
40258
40256
40242
40257
40269
40267
40249
40256
40250
40240
40332
40355
40375
40381
40412
40427
40429
40427
40455
40470
40482
40480
40462
40469
40463
40453
40371
40386
40398
40396
40419
40426
40420
40410
40388
40395
40399
40389
40363
40362
40348
40330
39992
40015
40035
40041
40072
40087
40089
40087
40115
40130
40142
40140
40122
40129
40123
40113
40200
40215
40227
40225
40248
40255
40249
40239
40217
40224
40228
40218
40192
40191
40177
40159
40073
40088
40100
40098
40121
40128
40122
40112
40132
40139
40143
40133
40107
40106
40092
40074
39984
39991
39995
39985
40000
39999
39985
39967
39937
39936
39932
39914
39880
39871
39849
39823
39823
39849
39871
39880
39914
39932
39936
39937
39967
39985
39999
40000
39985
39995
39991
39984
40074
40092
40106
40107
40133
40143
40139
40132
40112
40122
40128
40121
40098
40100
40088
40073
40159
40177
40191
40192
40218
40228
40224
40217
40239
40249
40255
40248
40225
40227
40215
40200
40113
40123
40129
40122
40140
40142
40130
40115
40087
40089
40087
40072
40041
40035
40015
39992
40330
40348
40362
40363
40389
40399
40395
40388
40410
40420
40426
40419
40396
40398
40386
40371
40453
40463
40469
40462
40480
40482
40470
40455
40427
40429
40427
40412
40381
40375
40355
40332
40240
40250
40256
40249
40267
40269
40257
40242
40256
40258
40256
40241
40210
40204
40184
40161
40066
40068
40066
40051
40061
40055
40035
40012
39976
39970
39960
39937
39898
39884
39856
39825
39477
39495
39509
39510
39536
39546
39542
39535
39557
39567
39573
39566
39543
39545
39533
39518
39600
39610
39616
39609
39627
39629
39617
39602
39574
39576
39574
39559
39528
39522
39502
39479
39557
39567
39573
39566
39584
39586
39574
39559
39573
39575
39573
39558
39527
39521
39501
39478
39383
39385
39383
39368
39378
39372
39352
39329
39293
39287
39277
39254
39215
39201
39173
39142
38791
38801
38807
38800
38818
38820
38808
38793
38807
38809
38807
38792
38761
38755
38735
38712
38786
38788
38786
38771
38781
38775
38755
38732
38696
38690
38680
38657
38618
38604
38576
38545
38445
38447
38445
38430
38440
38434
38414
38391
38397
38391
38381
38358
38319
38305
38277
38246
38143
38137
38127
38104
38106
38092
38064
38033
37989
37975
37957
37926
37879
37857
37821
37782
41863
41883
41905
41920
41940
41956
41964
41975
42009
42025
42043
42054
42061
42073
42077
42084
42116
42132
42150
42161
42177
42189
42193
42200
42188
42200
42214
42221
42224
42232
42232
42235
42329
42345
42363
42374
42390
42402
42406
42413
42443
42455
42469
42476
42479
42487
42487
42490
42477
42489
42503
42510
42522
42530
42530
42533
42517
42525
42535
42538
42537
42541
42537
42536
42628
42644
42662
42673
42689
42701
42705
42712
42742
42754
42768
42775
42778
42786
42786
42789
42817
42829
42843
42850
42862
42870
42870
42873
42857
42865
42875
42878
42877
42881
42877
42876
42796
42808
42822
42829
42841
42849
42849
42852
42878
42886
42896
42899
42898
42902
42898
42897
42880
42888
42898
42901
42909
42913
42909
42908
42888
42892
42898
42897
42892
42892
42884
42879
43225
43241
43259
43270
43286
43298
43302
43309
43339
43351
43365
43372
43375
43383
43383
43386
43414
43426
43440
43447
43459
43467
43467
43470
43454
43462
43472
43475
43474
43478
43474
43473
43563
43575
43589
43596
43608
43616
43616
43619
43645
43653
43663
43666
43665
43669
43665
43664
43647
43655
43665
43668
43676
43680
43676
43675
43655
43659
43665
43664
43659
43659
43651
43646
43565
43577
43591
43598
43610
43618
43618
43621
43647
43655
43665
43668
43667
43671
43667
43666
43690
43698
43708
43711
43719
43723
43719
43718
43698
43702
43708
43707
43702
43702
43694
43689
43605
43613
43623
43626
43634
43638
43634
43633
43655
43659
43665
43664
43659
43659
43651
43646
43625
43629
43635
43634
43638
43638
43630
43625
43601
43601
43603
43598
43589
43585
43573
43564
43908
43924
43942
43953
43969
43981
43985
43992
44022
44034
44048
44055
44058
44066
44066
44069
44097
44109
44123
44130
44142
44150
44150
44153
44137
44145
44155
44158
44157
44161
44157
44156
44246
44258
44272
44279
44291
44299
44299
44302
44328
44336
44346
44349
44348
44352
44348
44347
44330
44338
44348
44351
44359
44363
44359
44358
44338
44342
44348
44347
44342
44342
44334
44329
44417
44429
44443
44450
44462
44470
44470
44473
44499
44507
44517
44520
44519
44523
44519
44518
44542
44550
44560
44563
44571
44575
44571
44570
44550
44554
44560
44559
44554
44554
44546
44541
44457
44465
44475
44478
44486
44490
44486
44485
44507
44511
44517
44516
44511
44511
44503
44498
44477
44481
44487
44486
44490
44490
44482
44477
44453
44453
44455
44450
44441
44437
44425
44416
44076
44088
44102
44109
44121
44129
44129
44132
44158
44166
44176
44179
44178
44182
44178
44177
44201
44209
44219
44222
44230
44234
44230
44229
44209
44213
44219
44218
44213
44213
44205
44200
44286
44294
44304
44307
44315
44319
44315
44314
44336
44340
44346
44345
44340
44340
44332
44327
44306
44310
44316
44315
44319
44319
44311
44306
44282
44282
44284
44279
44270
44266
44254
44245
44160
44168
44178
44181
44189
44193
44189
44188
44210
44214
44220
44219
44214
44214
44206
44201
44221
44225
44231
44230
44234
44234
44226
44221
44197
44197
44199
44194
44185
44181
44169
44160
44072
44076
44082
44081
44085
44085
44077
44072
44090
44090
44092
44087
44078
44074
44062
44053
44028
44028
44030
44025
44025
44021
44009
44000
43972
43968
43966
43957
43944
43936
43920
43907
43907
43920
43936
43944
43957
43966
43968
43972
44000
44009
44021
44025
44025
44030
44028
44028
44053
44062
44074
44078
44087
44092
44090
44090
44072
44077
44085
44085
44081
44082
44076
44072
44160
44169
44181
44185
44194
44199
44197
44197
44221
44226
44234
44234
44230
44231
44225
44221
44201
44206
44214
44214
44219
44220
44214
44210
44188
44189
44193
44189
44181
44178
44168
44160
44245
44254
44266
44270
44279
44284
44282
44282
44306
44311
44319
44319
44315
44316
44310
44306
44327
44332
44340
44340
44345
44346
44340
44336
44314
44315
44319
44315
44307
44304
44294
44286
44200
44205
44213
44213
44218
44219
44213
44209
44229
44230
44234
44230
44222
44219
44209
44201
44177
44178
44182
44178
44179
44176
44166
44158
44132
44129
44129
44121
44109
44102
44088
44076
44416
44425
44437
44441
44450
44455
44453
44453
44477
44482
44490
44490
44486
44487
44481
44477
44498
44503
44511
44511
44516
44517
44511
44507
44485
44486
44490
44486
44478
44475
44465
44457
44541
44546
44554
44554
44559
44560
44554
44550
44570
44571
44575
44571
44563
44560
44550
44542
44518
44519
44523
44519
44520
44517
44507
44499
44473
44470
44470
44462
44450
44443
44429
44417
44329
44334
44342
44342
44347
44348
44342
44338
44358
44359
44363
44359
44351
44348
44338
44330
44347
44348
44352
44348
44349
44346
44336
44328
44302
44299
44299
44291
44279
44272
44258
44246
44156
44157
44161
44157
44158
44155
44145
44137
44153
44150
44150
44142
44130
44123
44109
44097
44069
44066
44066
44058
44055
44048
44034
44022
43992
43985
43981
43969
43953
43942
43924
43908
43564
43573
43585
43589
43598
43603
43601
43601
43625
43630
43638
43638
43634
43635
43629
43625
43646
43651
43659
43659
43664
43665
43659
43655
43633
43634
43638
43634
43626
43623
43613
43605
43689
43694
43702
43702
43707
43708
43702
43698
43718
43719
43723
43719
43711
43708
43698
43690
43666
43667
43671
43667
43668
43665
43655
43647
43621
43618
43618
43610
43598
43591
43577
43565
43646
43651
43659
43659
43664
43665
43659
43655
43675
43676
43680
43676
43668
43665
43655
43647
43664
43665
43669
43665
43666
43663
43653
43645
43619
43616
43616
43608
43596
43589
43575
43563
43473
43474
43478
43474
43475
43472
43462
43454
43470
43467
43467
43459
43447
43440
43426
43414
43386
43383
43383
43375
43372
43365
43351
43339
43309
43302
43298
43286
43270
43259
43241
43225
42879
42884
42892
42892
42897
42898
42892
42888
42908
42909
42913
42909
42901
42898
42888
42880
42897
42898
42902
42898
42899
42896
42886
42878
42852
42849
42849
42841
42829
42822
42808
42796
42876
42877
42881
42877
42878
42875
42865
42857
42873
42870
42870
42862
42850
42843
42829
42817
42789
42786
42786
42778
42775
42768
42754
42742
42712
42705
42701
42689
42673
42662
42644
42628
42536
42537
42541
42537
42538
42535
42525
42517
42533
42530
42530
42522
42510
42503
42489
42477
42490
42487
42487
42479
42476
42469
42455
42443
42413
42406
42402
42390
42374
42363
42345
42329
42235
42232
42232
42224
42221
42214
42200
42188
42200
42193
42189
42177
42161
42150
42132
42116
42084
42077
42073
42061
42054
42043
42025
42009
41975
41964
41956
41940
41920
41905
41883
41863
45951
45962
45973
45981
45994
46003
46010
46016
46029
46038
46047
46053
46055
46062
46067
46071
46098
46107
46116
46122
46133
46140
46145
46149
46150
46157
46164
46168
46168
46173
46176
46178
46205
46214
46223
46229
46240
46247
46252
46256
46267
46274
46281
46285
46285
46290
46293
46295
46279
46286
46293
46297
46306
46311
46314
46316
46315
46320
46325
46327
46325
46328
46329
46329
46418
46427
46436
46442
46453
46460
46465
46469
46480
46487
46494
46498
46498
46503
46506
46508
46533
46540
46547
46551
46560
46565
46568
46570
46569
46574
46579
46581
46579
46582
46583
46583
46566
46573
46580
46584
46593
46598
46601
46603
46612
46617
46622
46624
46622
46625
46626
46626
46608
46613
46618
46620
46627
46630
46631
46631
46628
46631
46634
46634
46630
46631
46630
46628
46717
46726
46735
46741
46752
46759
46764
46768
46779
46786
46793
46797
46797
46802
46805
46807
46832
46839
46846
46850
46859
46864
46867
46869
46868
46873
46878
46880
46878
46881
46882
46882
46907
46914
46921
46925
46934
46939
46942
46944
46953
46958
46963
46965
46963
46966
46967
46967
46949
46954
46959
46961
46968
46971
46972
46972
46969
46972
46975
46975
46971
46972
46971
46969
46887
46894
46901
46905
46914
46919
46922
46924
46933
46938
46943
46945
46943
46946
46947
46947
46970
46975
46980
46982
46989
46992
46993
46993
46990
46993
46996
46996
46992
46993
46992
46990
46971
46976
46981
46983
46990
46993
46994
46994
47001
47004
47007
47007
47003
47004
47003
47001
46981
46984
46987
46987
46992
46993
46992
46990
46985
46986
46987
46985
46979
46978
46975
46971
47314
47323
47332
47338
47349
47356
47361
47365
47376
47383
47390
47394
47394
47399
47402
47404
47429
47436
47443
47447
47456
47461
47464
47466
47465
47470
47475
47477
47475
47478
47479
47479
47504
47511
47518
47522
47531
47536
47539
47541
47550
47555
47560
47562
47560
47563
47564
47564
47546
47551
47556
47558
47565
47568
47569
47569
47566
47569
47572
47572
47568
47569
47568
47566
47653
47660
47667
47671
47680
47685
47688
47690
47699
47704
47709
47711
47709
47712
47713
47713
47736
47741
47746
47748
47755
47758
47759
47759
47756
47759
47762
47762
47758
47759
47758
47756
47737
47742
47747
47749
47756
47759
47760
47760
47767
47770
47773
47773
47769
47770
47769
47767
47747
47750
47753
47753
47758
47759
47758
47756
47751
47752
47753
47751
47745
47744
47741
47737
47654
47661
47668
47672
47681
47686
47689
47691
47700
47705
47710
47712
47710
47713
47714
47714
47737
47742
47747
47749
47756
47759
47760
47760
47757
47760
47763
47763
47759
47760
47759
47757
47780
47785
47790
47792
47799
47802
47803
47803
47810
47813
47816
47816
47812
47813
47812
47810
47790
47793
47796
47796
47801
47802
47801
47799
47794
47795
47796
47794
47788
47787
47784
47780
47696
47701
47706
47708
47715
47718
47719
47719
47726
47729
47732
47732
47728
47729
47728
47726
47747
47750
47753
47753
47758
47759
47758
47756
47751
47752
47753
47751
47745
47744
47741
47737
47716
47719
47722
47722
47727
47728
47727
47725
47730
47731
47732
47730
47724
47723
47720
47716
47694
47695
47696
47694
47697
47696
47693
47689
47682
47681
47680
47676
47668
47665
47660
47654
47997
48006
48015
48021
48032
48039
48044
48048
48059
48066
48073
48077
48077
48082
48085
48087
48112
48119
48126
48130
48139
48144
48147
48149
48148
48153
48158
48160
48158
48161
48162
48162
48187
48194
48201
48205
48214
48219
48222
48224
48233
48238
48243
48245
48243
48246
48247
48247
48229
48234
48239
48241
48248
48251
48252
48252
48249
48252
48255
48255
48251
48252
48251
48249
48336
48343
48350
48354
48363
48368
48371
48373
48382
48387
48392
48394
48392
48395
48396
48396
48419
48424
48429
48431
48438
48441
48442
48442
48439
48442
48445
48445
48441
48442
48441
48439
48420
48425
48430
48432
48439
48442
48443
48443
48450
48453
48456
48456
48452
48453
48452
48450
48430
48433
48436
48436
48441
48442
48441
48439
48434
48435
48436
48434
48428
48427
48424
48420
48507
48514
48521
48525
48534
48539
48542
48544
48553
48558
48563
48565
48563
48566
48567
48567
48590
48595
48600
48602
48609
48612
48613
48613
48610
48613
48616
48616
48612
48613
48612
48610
48633
48638
48643
48645
48652
48655
48656
48656
48663
48666
48669
48669
48665
48666
48665
48663
48643
48646
48649
48649
48654
48655
48654
48652
48647
48648
48649
48647
48641
48640
48637
48633
48549
48554
48559
48561
48568
48571
48572
48572
48579
48582
48585
48585
48581
48582
48581
48579
48600
48603
48606
48606
48611
48612
48611
48609
48604
48605
48606
48604
48598
48597
48594
48590
48569
48572
48575
48575
48580
48581
48580
48578
48583
48584
48585
48583
48577
48576
48573
48569
48547
48548
48549
48547
48550
48549
48546
48542
48535
48534
48533
48529
48521
48518
48513
48507
48167
48174
48181
48185
48194
48199
48202
48204
48213
48218
48223
48225
48223
48226
48227
48227
48250
48255
48260
48262
48269
48272
48273
48273
48270
48273
48276
48276
48272
48273
48272
48270
48293
48298
48303
48305
48312
48315
48316
48316
48323
48326
48329
48329
48325
48326
48325
48323
48303
48306
48309
48309
48314
48315
48314
48312
48307
48308
48309
48307
48301
48300
48297
48293
48378
48383
48388
48390
48397
48400
48401
48401
48408
48411
48414
48414
48410
48411
48410
48408
48429
48432
48435
48435
48440
48441
48440
48438
48433
48434
48435
48433
48427
48426
48423
48419
48398
48401
48404
48404
48409
48410
48409
48407
48412
48413
48414
48412
48406
48405
48402
48398
48376
48377
48378
48376
48379
48378
48375
48371
48364
48363
48362
48358
48350
48347
48342
48336
48251
48256
48261
48263
48270
48273
48274
48274
48281
48284
48287
48287
48283
48284
48283
48281
48302
48305
48308
48308
48313
48314
48313
48311
48306
48307
48308
48306
48300
48299
48296
48292
48313
48316
48319
48319
48324
48325
48324
48322
48327
48328
48329
48327
48321
48320
48317
48313
48291
48292
48293
48291
48294
48293
48290
48286
48279
48278
48277
48273
48265
48262
48257
48251
48165
48168
48171
48171
48176
48177
48176
48174
48179
48180
48181
48179
48173
48172
48169
48165
48184
48185
48186
48184
48187
48186
48183
48179
48172
48171
48170
48166
48158
48155
48150
48144
48121
48122
48123
48121
48124
48123
48120
48116
48119
48118
48117
48113
48105
48102
48097
48091
48067
48066
48065
48061
48062
48059
48054
48048
48039
48036
48033
48027
48017
48012
48005
47997
47997
48005
48012
48017
48027
48033
48036
48039
48048
48054
48059
48062
48061
48065
48066
48067
48091
48097
48102
48105
48113
48117
48118
48119
48116
48120
48123
48124
48121
48123
48122
48121
48144
48150
48155
48158
48166
48170
48171
48172
48179
48183
48186
48187
48184
48186
48185
48184
48165
48169
48172
48173
48179
48181
48180
48179
48174
48176
48177
48176
48171
48171
48168
48165
48251
48257
48262
48265
48273
48277
48278
48279
48286
48290
48293
48294
48291
48293
48292
48291
48313
48317
48320
48321
48327
48329
48328
48327
48322
48324
48325
48324
48319
48319
48316
48313
48292
48296
48299
48300
48306
48308
48307
48306
48311
48313
48314
48313
48308
48308
48305
48302
48281
48283
48284
48283
48287
48287
48284
48281
48274
48274
48273
48270
48263
48261
48256
48251
48336
48342
48347
48350
48358
48362
48363
48364
48371
48375
48378
48379
48376
48378
48377
48376
48398
48402
48405
48406
48412
48414
48413
48412
48407
48409
48410
48409
48404
48404
48401
48398
48419
48423
48426
48427
48433
48435
48434
48433
48438
48440
48441
48440
48435
48435
48432
48429
48408
48410
48411
48410
48414
48414
48411
48408
48401
48401
48400
48397
48390
48388
48383
48378
48293
48297
48300
48301
48307
48309
48308
48307
48312
48314
48315
48314
48309
48309
48306
48303
48323
48325
48326
48325
48329
48329
48326
48323
48316
48316
48315
48312
48305
48303
48298
48293
48270
48272
48273
48272
48276
48276
48273
48270
48273
48273
48272
48269
48262
48260
48255
48250
48227
48227
48226
48223
48225
48223
48218
48213
48204
48202
48199
48194
48185
48181
48174
48167
48507
48513
48518
48521
48529
48533
48534
48535
48542
48546
48549
48550
48547
48549
48548
48547
48569
48573
48576
48577
48583
48585
48584
48583
48578
48580
48581
48580
48575
48575
48572
48569
48590
48594
48597
48598
48604
48606
48605
48604
48609
48611
48612
48611
48606
48606
48603
48600
48579
48581
48582
48581
48585
48585
48582
48579
48572
48572
48571
48568
48561
48559
48554
48549
48633
48637
48640
48641
48647
48649
48648
48647
48652
48654
48655
48654
48649
48649
48646
48643
48663
48665
48666
48665
48669
48669
48666
48663
48656
48656
48655
48652
48645
48643
48638
48633
48610
48612
48613
48612
48616
48616
48613
48610
48613
48613
48612
48609
48602
48600
48595
48590
48567
48567
48566
48563
48565
48563
48558
48553
48544
48542
48539
48534
48525
48521
48514
48507
48420
48424
48427
48428
48434
48436
48435
48434
48439
48441
48442
48441
48436
48436
48433
48430
48450
48452
48453
48452
48456
48456
48453
48450
48443
48443
48442
48439
48432
48430
48425
48420
48439
48441
48442
48441
48445
48445
48442
48439
48442
48442
48441
48438
48431
48429
48424
48419
48396
48396
48395
48392
48394
48392
48387
48382
48373
48371
48368
48363
48354
48350
48343
48336
48249
48251
48252
48251
48255
48255
48252
48249
48252
48252
48251
48248
48241
48239
48234
48229
48247
48247
48246
48243
48245
48243
48238
48233
48224
48222
48219
48214
48205
48201
48194
48187
48162
48162
48161
48158
48160
48158
48153
48148
48149
48147
48144
48139
48130
48126
48119
48112
48087
48085
48082
48077
48077
48073
48066
48059
48048
48044
48039
48032
48021
48015
48006
47997
47654
47660
47665
47668
47676
47680
47681
47682
47689
47693
47696
47697
47694
47696
47695
47694
47716
47720
47723
47724
47730
47732
47731
47730
47725
47727
47728
47727
47722
47722
47719
47716
47737
47741
47744
47745
47751
47753
47752
47751
47756
47758
47759
47758
47753
47753
47750
47747
47726
47728
47729
47728
47732
47732
47729
47726
47719
47719
47718
47715
47708
47706
47701
47696
47780
47784
47787
47788
47794
47796
47795
47794
47799
47801
47802
47801
47796
47796
47793
47790
47810
47812
47813
47812
47816
47816
47813
47810
47803
47803
47802
47799
47792
47790
47785
47780
47757
47759
47760
47759
47763
47763
47760
47757
47760
47760
47759
47756
47749
47747
47742
47737
47714
47714
47713
47710
47712
47710
47705
47700
47691
47689
47686
47681
47672
47668
47661
47654
47737
47741
47744
47745
47751
47753
47752
47751
47756
47758
47759
47758
47753
47753
47750
47747
47767
47769
47770
47769
47773
47773
47770
47767
47760
47760
47759
47756
47749
47747
47742
47737
47756
47758
47759
47758
47762
47762
47759
47756
47759
47759
47758
47755
47748
47746
47741
47736
47713
47713
47712
47709
47711
47709
47704
47699
47690
47688
47685
47680
47671
47667
47660
47653
47566
47568
47569
47568
47572
47572
47569
47566
47569
47569
47568
47565
47558
47556
47551
47546
47564
47564
47563
47560
47562
47560
47555
47550
47541
47539
47536
47531
47522
47518
47511
47504
47479
47479
47478
47475
47477
47475
47470
47465
47466
47464
47461
47456
47447
47443
47436
47429
47404
47402
47399
47394
47394
47390
47383
47376
47365
47361
47356
47349
47338
47332
47323
47314
46971
46975
46978
46979
46985
46987
46986
46985
46990
46992
46993
46992
46987
46987
46984
46981
47001
47003
47004
47003
47007
47007
47004
47001
46994
46994
46993
46990
46983
46981
46976
46971
46990
46992
46993
46992
46996
46996
46993
46990
46993
46993
46992
46989
46982
46980
46975
46970
46947
46947
46946
46943
46945
46943
46938
46933
46924
46922
46919
46914
46905
46901
46894
46887
46969
46971
46972
46971
46975
46975
46972
46969
46972
46972
46971
46968
46961
46959
46954
46949
46967
46967
46966
46963
46965
46963
46958
46953
46944
46942
46939
46934
46925
46921
46914
46907
46882
46882
46881
46878
46880
46878
46873
46868
46869
46867
46864
46859
46850
46846
46839
46832
46807
46805
46802
46797
46797
46793
46786
46779
46768
46764
46759
46752
46741
46735
46726
46717
46628
46630
46631
46630
46634
46634
46631
46628
46631
46631
46630
46627
46620
46618
46613
46608
46626
46626
46625
46622
46624
46622
46617
46612
46603
46601
46598
46593
46584
46580
46573
46566
46583
46583
46582
46579
46581
46579
46574
46569
46570
46568
46565
46560
46551
46547
46540
46533
46508
46506
46503
46498
46498
46494
46487
46480
46469
46465
46460
46453
46442
46436
46427
46418
46329
46329
46328
46325
46327
46325
46320
46315
46316
46314
46311
46306
46297
46293
46286
46279
46295
46293
46290
46285
46285
46281
46274
46267
46256
46252
46247
46240
46229
46223
46214
46205
46178
46176
46173
46168
46168
46164
46157
46150
46149
46145
46140
46133
46122
46116
46107
46098
46071
46067
46062
46055
46053
46047
46038
46029
46016
46010
46003
45994
45981
45973
45962
45951
