14998
19997
24995
29994
34992
39991
44989
49988
54986
59985
64983
69982
74980
79979
84977
89976
94974
99973
104971
109970
114968
119967
124965
129964
134962
139961
144959
149958
154956
159955
164953
169952
174950
179949
184947
189946
194944
199943
204941
209940
214938
219937
224935
229934
234932
239931
244929
249928
254926
259925
264923
269922
274920
279919
284917
289916
294914
299913
304911
309910
314908
319907
324905
329904
334902
339901
344899
349898
354896
359895
364893
369892
374890
379889
384887
389886
394884
399883
404881
409880
414878
419877
424875
429874
434872
439871
444869
449868
454866
459865
464863
469862
474860
479859
484857
489856
494854
499853
504851
509850
514848
519847
524845
529844
534842
539841
544839
549838
554836
559835
564833
569832
574830
579829
584827
589826
594824
599823
604821
609820
614818
619817
624815
629814
634812
639811
644809
649808
654806
659805
664803
669802
674800
679799
684797
689796
694794
699793
704791
709790
714788
719787
724785
729784
734782
739781
744779
749778
754776
759775
764773
769772
774770
779769
784767
789766
794764
799763
804761
809760
814758
819757
824755
829754
834752
839751
844749
849748
854746
859745
864743
869742
874740
879739
884737
889736
894734
899733
904731
909730
914728
919727
924725
929724
934722
939721
944719
949718
954716
959715
964713
969712
974710
979709
984707
989706
994704
999703
1004701
1009700
1014698
1019697
1024695
1029694
1034692
1039691
1044689
1049688
1054686
1059685
1064683
1069682
1074680
1079679
1084677
1089676
1094674
1099673
1104671
1109670
1114668
1119667
1124665
1129664
1134662
1139661
1144659
1149658
1154656
1159655
1164653
1169652
1174650
1179649
1184647
1189646
1194644
1199643
1204641
1209640
1214638
1219637
1224635
1229634
1234632
1239631
1244629
1249628
1254626
1259625
1264623
1269622
1274620
1279619
1284617
1289616
1294614
1299613
1304611
1309610
1314608
1319607
1324605
1329604
1334602
1339601
1344599
1349598
1354596
1359595
1364593
1369592
1374590
1379589
1384587
1389586
1394584
1399583
1404581
1409580
1414578
1419577
1424575
1429574
1434572
1439571
1444569
1449568
1454566
1459565
1464563
1469562
1474560
1479559
1484557
1489556
1494554
1499553
1504551
1509550
1514548
1519547
1524545
1529544
1534542
1539541
1544539
1549538
1554536
1559535
1564533
1569532
1574530
1579529
1584527
1589526
1594524
1599523
1604521
1609520
1614518
1619517
1624515
1629514
1634512
1639511
1644509
1649508
1654506
1659505
1664503
1669502
1674500
1679499
1684497
1689496
1694494
1699493
1704491
1709490
1714488
1719487
1724485
1729484
1734482
1739481
1744479
1749478
1754476
1759475
1764473
1769472
1774470
1779469
1784467
1789466
1794464
1799463
1804461
1809460
1814458
1819457
1824455
1829454
1834452
1839451
1844449
1849448
1854446
1859445
1864443
1869442
1874440
1879439
1884437
1889436
1894434
1899433
1904431
1909430
1914428
1919427
1924425
1929424
1934422
1939421
1944419
1949418
1954416
1959415
1964413
1969412
1974410
1979409
1984407
1989406
1994404
1999403
2004401
2009400
2014398
2019397
2024395
2029394
2034392
2039391
2044389
2049388
2054386
2059385
2064383
2069382
2074380
2079379
2084377
2089376
2094374
2099373
2104371
2109370
2114368
2119367
2124365
2129364
2134362
2139361
2144359
2149358
2154356
2159355
2164353
2169352
2174350
2179349
2184347
2189346
2194344
2199343
2204341
2209340
2214338
2219337
2224335
2229334
2234332
2239331
2244329
2249328
2254326
2259325
2264323
2269322
2274320
2279319
2284317
2289316
2294314
2299313
2304311
2309310
2314308
2319307
2324305
2329304
2334302
2339301
2344299
2349298
2354296
2359295
2364293
2369292
2374290
2379289
2384287
2389286
2394284
2399283
2404281
2409280
2414278
2419277
2424275
2429274
2434272
2439271
2444269
2449268
2454266
2459265
2464263
2469262
2474260
2479259
2484257
2489256
2494254
2499253
2504251
2509250
2514248
2519247
2524245
2529244
2534242
2539241
2544239
2549238
2554236
2559235
2564233
2569232
2574230
2579229
2584227
2589226
2594224
2599223
2604221
2609220
2614218
2619217
2624215
2629214
2634212
2639211
2644209
2649208
2654206
2659205
2664203
2669202
2674200
2679199
2684197
2689196
2694194
2699193
2704191
2709190
2714188
2719187
2724185
2729184
2734182
2739181
2744179
2749178
2754176
2759175
2764173
2769172
2774170
2779169
2784167
2789166
2794164
2799163
2804161
2809160
2814158
2819157
2824155
2829154
2834152
2839151
2844149
2849148
2854146
2859145
2864143
2869142
2874140
2879139
2884137
2889136
2894134
2899133
2904131
2909130
2914128
2919127
2924125
2929124
2934122
2939121
2944119
2949118
2954116
2959115
2964113
2969112
2974110
2979109
2984107
2989106
2994104
2999103
3004101
3009100
3014098
3019097
3024095
3029094
3034092
3039091
3044089
3049088
3054086
3059085
3064083
3069082
3074080
3079079
3084077
3089076
3094074
3099073
3104071
3109070
3114068
3119067
3124065
3129064
3134062
3139061
3144059
3149058
3154056
3159055
3164053
3169052
3174050
3179049
3184047
3189046
3194044
3199043
3204041
3209040
3214038
3219037
3224035
3229034
3234032
3239031
3244029
3249028
3254026
3259025
3264023
3269022
3274020
3279019
3284017
3289016
3294014
3299013
3304011
3309010
3314008
3319007
3324005
3329004
3334002
3339001
3343999
3348998
3353996
3358995
3363993
3368992
3373990
3378989
3383987
3388986
3393984
3398983
3403981
3408980
3413978
3418977
3423975
3428974
3433972
3438971
3443969
3448968
3453966
3458965
3463963
3468962
3473960
3478959
3483957
3488956
3493954
3498953
3503951
3508950
3513948
3518947
3523945
3528944
3533942
3538941
3543939
3548938
3553936
3558935
3563933
3568932
3573930
3578929
3583927
3588926
3593924
3598923
3603921
3608920
3613918
3618917
3623915
3628914
3633912
3638911
3643909
3648908
3653906
3658905
3663903
3668902
3673900
3678899
3683897
3688896
3693894
3698893
3703891
3708890
3713888
3718887
3723885
3728884
3733882
3738881
3743879
3748878
3753876
3758875
3763873
3768872
3773870
3778869
3783867
3788866
3793864
3798863
3803861
3808860
3813858
3818857
3823855
3828854
3833852
3838851
3843849
3848848
3853846
3858845
3863843
3868842
3873840
3878839
3883837
3888836
3893834
3898833
3903831
3908830
3913828
3918827
3923825
3928824
3933822
3938821
3943819
3948818
3953816
3958815
3963813
3968812
3973810
3978809
3983807
3988806
3993804
3998803
4003801
4008800
4013798
4018797
4023795
4028794
4033792
4038791
4043789
4048788
4053786
4058785
4063783
4068782
4073780
4078779
4083777
4088776
4093774
4098773
4103771
4108770
4113768
4118767
4123765
4128764
4133762
4138761
4143759
4148758
4153756
4158755
4163753
4168752
4173750
4178749
4183747
4188746
4193744
4198743
4203741
4208740
4213738
4218737
4223735
4228734
4233732
4238731
4243729
4248728
4253726
4258725
4263723
4268722
4273720
4278719
4283717
4288716
4293714
4298713
4303711
4308710
4313708
4318707
4323705
4328704
4333702
4338701
4343699
4348698
4353696
4358695
4363693
4368692
4373690
4378689
4383687
4388686
4393684
4398683
4403681
4408680
4413678
4418677
4423675
4428674
4433672
4438671
4443669
4448668
4453666
4458665
4463663
4468662
4473660
4478659
4483657
4488656
4493654
4498653
4503651
4508650
4513648
4518647
4523645
4528644
4533642
4538641
4543639
4548638
4553636
4558635
4563633
4568632
4573630
4578629
4583627
4588626
4593624
4598623
4603621
4608620
4613618
4618617
4623615
4628614
4633612
4638611
4643609
4648608
4653606
4658605
4663603
4668602
4673600
4678599
4683597
4688596
4693594
4698593
4703591
4708590
4713588
4718587
4723585
4728584
4733582
4738581
4743579
4748578
4753576
4758575
4763573
4768572
4773570
4778569
4783567
4788566
4793564
4798563
4803561
4808560
4813558
4818557
4823555
4828554
4833552
4838551
4843549
4848548
4853546
4858545
4863543
4868542
4873540
4878539
4883537
4888536
4893534
4898533
4903531
4908530
4913528
4918527
4923525
4928524
4933522
4938521
4943519
4948518
4953516
4958515
4963513
4968512
4973510
4978509
4983507
4988506
4993504
4998503
5003501
5008500
5013498
5018497
5023495
5028494
5033492
5038491
5043489
5048488
5053486
5058485
5063483
5068482
5073480
5078479
5083477
5088476
5093474
5098473
5103471
5108470
5113468
5118467
5123465
5128464
5133462
5138461
5143459
5148458
5153456
5158455
5163453
5168452
5173450
5178449
5183447
5188446
5193444
5198443
5203441
5208440
5213438
5218437
5223435
5228434
5233432
5238431
5243429
5248428
5253426
5258425
5263423
5268422
5273420
5278419
5283417
5288416
5293414
5298413
5303411
5308410
5313408
5318407
5323405
5328404
5333402
5338401
5343399
5348398
5353396
5358395
5363393
5368392
5373390
5378389
5383387
5388386
5393384
5398383
5403381
5408380
5413378
5418377
5423375
5428374
5433372
5438371
5443369
5448368
5453366
5458365
5463363
5468362
5473360
5478359
5483357
5488356
5493354
5498353
5503351
5508350
5513348
5518347
5523345
5528344
5533342
5538341
5543339
5548338
5553336
5558335
5563333
5568332
5573330
5578329
5583327
5588326
5593324
5598323
5603321
5608320
5613318
5618317
5623315
5628314
5633312
5638311
5643309
5648308
5653306
5658305
5663303
5668302
5673300
5678299
5683297
5688296
5693294
5698293
5703291
5708290
5713288
5718287
5723285
5728284
5733282
5738281
5743279
5748278
5753276
5758275
5763273
5768272
5773270
5778269
5783267
5788266
5793264
5798263
5803261
5808260
5813258
5818257
5823255
5828254
5833252
5838251
5843249
5848248
5853246
5858245
5863243
5868242
5873240
5878239
5883237
5888236
5893234
5898233
5903231
5908230
5913228
5918227
5923225
5928224
5933222
5938221
5943219
5948218
5953216
5958215
5963213
5968212
5973210
5978209
5983207
5988206
5993204
5998203
6003201
6008200
6013198
6018197
6023195
6028194
6033192
6038191
6043189
6048188
6053186
6058185
6063183
6068182
6073180
6078179
6083177
6088176
6093174
6098173
6103171
6108170
6113168
6118167
6123165
6128164
6133162
6138161
6143159
6148158
6153156
6158155
6163153
6168152
6173150
6178149
6183147
6188146
6193144
6198143
6203141
6208140
6213138
6218137
6223135
6228134
6233132
6238131
6243129
6248128
6253126
6258125
6263123
6268122
6273120
6278119
6283117
6288116
6293114
6298113
6303111
6308110
6313108
6318107
6323105
6328104
6333102
6338101
6343099
6348098
6353096
6358095
6363093
6368092
6373090
6378089
6383087
6388086
6393084
6398083
6403081
6408080
6413078
6418077
6423075
6428074
6433072
6438071
6443069
6448068
6453066
6458065
6463063
6468062
6473060
6478059
6483057
6488056
6493054
6498053
6503051
6508050
6513048
6518047
6523045
6528044
6533042
6538041
6543039
6548038
6553036
6558035
6563033
6568032
6573030
6578029
6583027
6588026
6593024
6598023
6603021
6608020
6613018
6618017
6623015
6628014
6633012
6638011
6643009
6648008
6653006
6658005
6663003
6668002
6673000
6677999
6682997
6687996
6692994
6697993
6702991
6707990
6712988
6717987
6722985
6727984
6732982
6737981
6742979
6747978
6752976
6757975
6762973
6767972
6772970
6777969
6782967
6787966
6792964
6797963
6802961
6807960
6812958
6817957
6822955
6827954
6832952
6837951
6842949
6847948
6852946
6857945
6862943
6867942
6872940
6877939
6882937
6887936
6892934
6897933
6902931
6907930
6912928
6917927
6922925
6927924
6932922
6937921
6942919
6947918
6952916
6957915
6962913
6967912
6972910
6977909
6982907
6987906
6992904
6997903
7002901
7007900
7012898
7017897
7022895
7027894
7032892
7037891
7042889
7047888
7052886
7057885
7062883
7067882
7072880
7077879
7082877
7087876
7092874
7097873
7102871
7107870
7112868
7117867
7122865
7127864
7132862
7137861
7142859
7147858
7152856
7157855
7162853
7167852
7172850
7177849
7182847
7187846
7192844
7197843
7202841
7207840
7212838
7217837
7222835
7227834
7232832
7237831
7242829
7247828
7252826
7257825
7262823
7267822
7272820
7277819
7282817
7287816
7292814
7297813
7302811
7307810
7312808
7317807
7322805
7327804
7332802
7337801
7342799
7347798
7352796
7357795
7362793
7367792
7372790
7377789
7382787
7387786
7392784
7397783
7402781
7407780
7412778
7417777
7422775
7427774
7432772
7437771
7442769
7447768
7452766
7457765
7462763
7467762
7472760
7477759
7482757
7487756
7492754
7497753
7502751
7507750
7512748
7517747
7522745
7527744
7532742
7537741
7542739
7547738
7552736
7557735
7562733
7567732
7572730
7577729
7582727
7587726
7592724
7597723
7602721
7607720
7612718
7617717
7622715
7627714
7632712
7637711
7642709
7647708
7652706
7657705
7662703
7667702
7672700
7677699
7682697
7687696
7692694
7697693
7702691
7707690
7712688
7717687
7722685
7727684
7732682
7737681
7742679
7747678
7752676
7757675
7762673
7767672
7772670
7777669
7782667
7787666
7792664
7797663
7802661
7807660
7812658
7817657
7822655
7827654
7832652
7837651
7842649
7847648
7852646
7857645
7862643
7867642
7872640
7877639
7882637
7887636
7892634
7897633
7902631
7907630
7912628
7917627
7922625
7927624
7932622
7937621
7942619
7947618
7952616
7957615
7962613
7967612
7972610
7977609
7982607
7987606
7992604
7997603
8002601
8007600
8012598
8017597
8022595
8027594
8032592
8037591
8042589
8047588
8052586
8057585
8062583
8067582
8072580
8077579
8082577
8087576
8092574
8097573
8102571
8107570
8112568
8117567
8122565
8127564
8132562
8137561
8142559
8147558
8152556
8157555
8162553
8167552
8172550
8177549
8182547
8187546
8192544
8197543
8202541
8207540
8212538
8217537
8222535
8227534
8232532
8237531
8242529
8247528
8252526
8257525
8262523
8267522
8272520
8277519
8282517
8287516
8292514
8297513
8302511
8307510
8312508
8317507
8322505
8327504
8332502
8337501
8342499
8347498
8352496
8357495
8362493
8367492
8372490
8377489
8382487
8387486
8392484
8397483
8402481
8407480
8412478
8417477
8422475
8427474
8432472
8437471
8442469
8447468
8452466
8457465
8462463
8467462
8472460
8477459
8482457
8487456
8492454
8497453
8502451
8507450
8512448
8517447
8522445
8527444
8532442
8537441
8542439
8547438
8552436
8557435
8562433
8567432
8572430
8577429
8582427
8587426
8592424
8597423
8602421
8607420
8612418
8617417
8622415
8627414
8632412
8637411
8642409
8647408
8652406
8657405
8662403
8667402
8672400
8677399
8682397
8687396
8692394
8697393
8702391
8707390
8712388
8717387
8722385
8727384
8732382
8737381
8742379
8747378
8752376
8757375
8762373
8767372
8772370
8777369
8782367
8787366
8792364
8797363
8802361
8807360
8812358
8817357
8822355
8827354
8832352
8837351
8842349
8847348
8852346
8857345
8862343
8867342
8872340
8877339
8882337
8887336
8892334
8897333
8902331
8907330
8912328
8917327
8922325
8927324
8932322
8937321
8942319
8947318
8952316
8957315
8962313
8967312
8972310
8977309
8982307
8987306
8992304
8997303
9002301
9007300
9012298
9017297
9022295
9027294
9032292
9037291
9042289
9047288
9052286
9057285
9062283
9067282
9072280
9077279
9082277
9087276
9092274
9097273
9102271
9107270
9112268
9117267
9122265
9127264
9132262
9137261
9142259
9147258
9152256
9157255
9162253
9167252
9172250
9177249
9182247
9187246
9192244
9197243
9202241
9207240
9212238
9217237
9222235
9227234
9232232
9237231
9242229
9247228
9252226
9257225
9262223
9267222
9272220
9277219
9282217
9287216
9292214
9297213
9302211
9307210
9312208
9317207
9322205
9327204
9332202
9337201
9342199
9347198
9352196
9357195
9362193
9367192
9372190
9377189
9382187
9387186
9392184
9397183
9402181
9407180
9412178
9417177
9422175
9427174
9432172
9437171
9442169
9447168
9452166
9457165
9462163
9467162
9472160
9477159
9482157
9487156
9492154
9497153
9502151
9507150
9512148
9517147
9522145
9527144
9532142
9537141
9542139
9547138
9552136
9557135
9562133
9567132
9572130
9577129
9582127
9587126
9592124
9597123
9602121
9607120
9612118
9617117
9622115
9627114
9632112
9637111
9642109
9647108
9652106
9657105
9662103
9667102
9672100
9677099
9682097
9687096
9692094
9697093
9702091
9707090
9712088
9717087
9722085
9727084
9732082
9737081
9742079
9747078
9752076
9757075
9762073
9767072
9772070
9777069
9782067
9787066
9792064
9797063
9802061
9807060
9812058
9817057
9822055
9827054
9832052
9837051
9842049
9847048
9852046
9857045
9862043
9867042
9872040
9877039
9882037
9887036
9892034
9897033
9902031
9907030
9912028
9917027
9922025
9927024
9932022
9937021
9942019
9947018
9952016
9957015
9962013
9967012
9972010
9977009
9982007
9987006
9992004
9997003
10002001
10007000
10011998
10016997
10021995
10026994
10031992
10036991
10041989
10046988
10051986
10056985
10061983
10066982
10071980
10076979
10081977
10086976
10091974
10096973
10101971
10106970
10111968
10116967
10121965
10126964
10131962
10136961
10141959
10146958
10151956
10156955
10161953
10166952
10171950
10176949
10181947
10186946
10191944
10196943
10201941
10206940
10211938
10216937
10221935
10226934
10231932
10236931
10241929
10246928
10251926
10256925
10261923
10266922
10271920
10276919
10281917
10286916
10291914
10296913
10301911
10306910
10311908
10316907
10321905
10326904
10331902
10336901
10341899
10346898
10351896
10356895
10361893
10366892
10371890
10376889
10381887
10386886
10391884
10396883
10401881
10406880
10411878
10416877
10421875
10426874
10431872
10436871
10441869
10446868
10451866
10456865
10461863
10466862
10471860
10476859
10481857
10486856
10491854
10496853
10501851
10506850
10511848
10516847
10521845
10526844
10531842
10536841
10541839
10546838
10551836
10556835
10561833
10566832
10571830
10576829
10581827
10586826
10591824
10596823
10601821
10606820
10611818
10616817
10621815
10626814
10631812
10636811
10641809
10646808
10651806
10656805
10661803
10666802
10671800
10676799
10681797
10686796
10691794
10696793
10701791
10706790
10711788
10716787
10721785
10726784
10731782
10736781
10741779
10746778
10751776
10756775
10761773
10766772
10771770
10776769
10781767
10786766
10791764
10796763
10801761
10806760
10811758
10816757
10821755
10826754
10831752
10836751
10841749
10846748
10851746
10856745
10861743
10866742
10871740
10876739
10881737
10886736
10891734
10896733
10901731
10906730
10911728
10916727
10921725
10926724
10931722
10936721
10941719
10946718
10951716
10956715
10961713
10966712
10971710
10976709
10981707
10986706
10991704
10996703
11001701
11006700
11011698
11016697
11021695
11026694
11031692
11036691
11041689
11046688
11051686
11056685
11061683
11066682
11071680
11076679
11081677
11086676
11091674
11096673
11101671
11106670
11111668
11116667
11121665
11126664
11131662
11136661
11141659
11146658
11151656
11156655
11161653
11166652
11171650
11176649
11181647
11186646
11191644
11196643
11201641
11206640
11211638
11216637
11221635
11226634
11231632
11236631
11241629
11246628
11251626
11256625
11261623
11266622
11271620
11276619
11281617
11286616
11291614
11296613
11301611
11306610
11311608
11316607
11321605
11326604
11331602
11336601
11341599
11346598
11351596
11356595
11361593
11366592
11371590
11376589
11381587
11386586
11391584
11396583
11401581
11406580
11411578
11416577
11421575
11426574
11431572
11436571
11441569
11446568
11451566
11456565
11461563
11466562
11471560
11476559
11481557
11486556
11491554
11496553
11501551
11506550
11511548
11516547
11521545
11526544
11531542
11536541
11541539
11546538
11551536
11556535
11561533
11566532
11571530
11576529
11581527
11586526
11591524
11596523
11601521
11606520
11611518
11616517
11621515
11626514
11631512
11636511
11641509
11646508
11651506
11656505
11661503
11666502
11671500
11676499
11681497
11686496
11691494
11696493
11701491
11706490
11711488
11716487
11721485
11726484
11731482
11736481
11741479
11746478
11751476
11756475
11761473
11766472
11771470
11776469
11781467
11786466
11791464
11796463
11801461
11806460
11811458
11816457
11821455
11826454
11831452
11836451
11841449
11846448
11851446
11856445
11861443
11866442
11871440
11876439
11881437
11886436
11891434
11896433
11901431
11906430
11911428
11916427
11921425
11926424
11931422
11936421
11941419
11946418
11951416
11956415
11961413
11966412
11971410
11976409
11981407
11986406
11991404
11996403
12001401
12006400
12011398
12016397
12021395
12026394
12031392
12036391
12041389
12046388
12051386
12056385
12061383
12066382
12071380
12076379
12081377
12086376
12091374
12096373
12101371
12106370
12111368
12116367
12121365
12126364
12131362
12136361
12141359
12146358
12151356
12156355
12161353
12166352
12171350
12176349
12181347
12186346
12191344
12196343
12201341
12206340
12211338
12216337
12221335
12226334
12231332
12236331
12241329
12246328
12251326
12256325
12261323
12266322
12271320
12276319
12281317
12286316
12291314
12296313
12301311
12306310
12311308
12316307
12321305
12326304
12331302
12336301
12341299
12346298
12351296
12356295
12361293
12366292
12371290
12376289
12381287
12386286
12391284
12396283
12401281
12406280
12411278
12416277
12421275
12426274
12431272
12436271
12441269
12446268
12451266
12456265
12461263
12466262
12471260
12476259
12481257
12486256
12491254
12496253
12501251
12506250
12511248
12516247
12521245
12526244
12531242
12536241
12541239
12546238
12551236
12556235
12561233
12566232
12571230
12576229
12581227
12586226
12591224
12596223
12601221
12606220
12611218
12616217
12621215
12626214
12631212
12636211
12641209
12646208
12651206
12656205
12661203
12666202
12671200
12676199
12681197
12686196
12691194
12696193
12701191
12706190
12711188
12716187
12721185
12726184
12731182
12736181
12741179
12746178
12751176
12756175
12761173
12766172
12771170
12776169
12781167
12786166
12791164
12796163
12801161
12806160
12811158
12816157
12821155
12826154
12831152
12836151
12841149
12846148
12851146
12856145
12861143
12866142
12871140
12876139
12881137
12886136
12891134
12896133
12901131
12906130
12911128
12916127
12921125
12926124
12931122
12936121
12941119
12946118
12951116
12956115
12961113
12966112
12971110
12976109
12981107
12986106
12991104
12996103
13001101
13006100
13011098
13016097
13021095
13026094
13031092
13036091
13041089
13046088
13051086
13056085
13061083
13066082
13071080
13076079
13081077
13086076
13091074
13096073
13101071
13106070
13111068
13116067
13121065
13126064
13131062
13136061
13141059
13146058
13151056
13156055
13161053
13166052
13171050
13176049
13181047
13186046
13191044
13196043
13201041
13206040
13211038
13216037
13221035
13226034
13231032
13236031
13241029
13246028
13251026
13256025
13261023
13266022
13271020
13276019
13281017
13286016
13291014
13296013
13301011
13306010
13311008
13316007
13321005
13326004
13331002
13336001
13340999
13345998
13350996
13355995
13360993
13365992
13370990
13375989
13380987
13385986
13390984
13395983
13400981
13405980
13410978
13415977
13420975
13425974
13430972
13435971
13440969
13445968
13450966
13455965
13460963
13465962
13470960
13475959
13480957
13485956
13490954
13495953
13500951
13505950
13510948
13515947
13520945
13525944
13530942
13535941
13540939
13545938
13550936
13555935
13560933
13565932
13570930
13575929
13580927
13585926
13590924
13595923
13600921
13605920
13610918
13615917
13620915
13625914
13630912
13635911
13640909
13645908
13650906
13655905
13660903
13665902
13670900
13675899
13680897
13685896
13690894
13695893
13700891
13705890
13710888
13715887
13720885
13725884
13730882
13735881
13740879
13745878
13750876
13755875
13760873
13765872
13770870
13775869
13780867
13785866
13790864
13795863
13800861
13805860
13810858
13815857
13820855
13825854
13830852
13835851
13840849
13845848
13850846
13855845
13860843
13865842
13870840
13875839
13880837
13885836
13890834
13895833
13900831
13905830
13910828
13915827
13920825
13925824
13930822
13935821
13940819
13945818
13950816
13955815
13960813
13965812
13970810
13975809
13980807
13985806
13990804
13995803
14000801
14005800
14010798
14015797
14020795
14025794
14030792
14035791
14040789
14045788
14050786
14055785
14060783
14065782
14070780
14075779
14080777
14085776
14090774
14095773
14100771
14105770
14110768
14115767
14120765
14125764
14130762
14135761
14140759
14145758
14150756
14155755
14160753
14165752
14170750
14175749
14180747
14185746
14190744
14195743
14200741
14205740
14210738
14215737
14220735
14225734
14230732
14235731
14240729
14245728
14250726
14255725
14260723
14265722
14270720
14275719
14280717
14285716
14290714
14295713
14300711
14305710
14310708
14315707
14320705
14325704
14330702
14335701
14340699
14345698
14350696
14355695
14360693
14365692
14370690
14375689
14380687
14385686
14390684
14395683
14400681
14405680
14410678
14415677
14420675
14425674
14430672
14435671
14440669
14445668
14450666
14455665
14460663
14465662
14470660
14475659
14480657
14485656
14490654
14495653
14500651
14505650
14510648
14515647
14520645
14525644
14530642
14535641
14540639
14545638
14550636
14555635
14560633
14565632
14570630
14575629
14580627
14585626
14590624
14595623
14600621
14605620
14610618
14615617
14620615
14625614
14630612
14635611
14640609
14645608
14650606
14655605
14660603
14665602
14670600
14675599
14680597
14685596
14690594
14695593
14700591
14705590
14710588
14715587
14720585
14725584
14730582
14735581
14740579
14745578
14750576
14755575
14760573
14765572
14770570
14775569
14780567
14785566
14790564
14795563
14800561
14805560
14810558
14815557
14820555
14825554
14830552
14835551
14840549
14845548
14850546
14855545
14860543
14865542
14870540
14875539
14880537
14885536
14890534
14895533
14900531
14905530
14910528
14915527
14920525
14925524
14930522
14935521
14940519
14945518
14950516
14955515
14960513
14965512
14970510
14975509
14980507
14985506
14990504
14995503
15000501
15005500
15010498
15015497
15020495
15025494
15030492
15035491
15040489
15045488
15050486
15055485
15060483
15065482
15070480
15075479
15080477
15085476
15090474
15095473
15100471
15105470
15110468
15115467
15120465
15125464
15130462
15135461
15140459
15145458
15150456
15155455
15160453
15165452
15170450
15175449
15180447
15185446
15190444
15195443
15200441
15205440
15210438
15215437
15220435
15225434
15230432
15235431
15240429
15245428
15250426
15255425
15260423
15265422
15270420
15275419
15280417
15285416
15290414
15295413
15300411
15305410
15310408
15315407
15320405
15325404
15330402
15335401
15340399
15345398
15350396
15355395
15360393
15365392
15370390
15375389
15380387
15385386
15390384
15395383
15400381
15405380
15410378
15415377
15420375
15425374
15430372
15435371
15440369
15445368
15450366
15455365
15460363
15465362
15470360
15475359
15480357
15485356
15490354
15495353
15500351
15505350
15510348
15515347
15520345
15525344
15530342
15535341
15540339
15545338
15550336
15555335
15560333
15565332
15570330
15575329
15580327
15585326
15590324
15595323
15600321
15605320
15610318
15615317
15620315
15625314
15630312
15635311
15640309
15645308
15650306
15655305
15660303
15665302
15670300
15675299
15680297
15685296
15690294
15695293
15700291
15705290
15710288
15715287
15720285
15725284
15730282
15735281
15740279
15745278
15750276
15755275
15760273
15765272
15770270
15775269
15780267
15785266
15790264
15795263
15800261
15805260
15810258
15815257
15820255
15825254
15830252
15835251
15840249
15845248
15850246
15855245
15860243
15865242
15870240
15875239
15880237
15885236
15890234
15895233
15900231
15905230
15910228
15915227
15920225
15925224
15930222
15935221
15940219
15945218
15950216
15955215
15960213
15965212
15970210
15975209
15980207
15985206
15990204
15995203
16000201
16005200
16010198
16015197
16020195
16025194
16030192
16035191
16040189
16045188
16050186
16055185
16060183
16065182
16070180
16075179
16080177
16085176
16090174
16095173
16100171
16105170
16110168
16115167
16120165
16125164
16130162
16135161
16140159
16145158
16150156
16155155
16160153
16165152
16170150
16175149
16180147
16185146
16190144
16195143
16200141
16205140
16210138
16215137
16220135
16225134
16230132
16235131
16240129
16245128
16250126
16255125
16260123
16265122
16270120
16275119
16280117
16285116
16290114
16295113
16300111
16305110
16310108
16315107
16320105
16325104
16330102
16335101
16340099
16345098
16350096
16355095
16360093
16365092
16370090
16375089
16380087
16385086
16390084
16395083
16400081
16405080
16410078
16415077
16420075
16425074
16430072
16435071
16440069
16445068
16450066
16455065
16460063
16465062
16470060
16475059
16480057
16485056
16490054
16495053
16500051
16505050
16510048
16515047
16520045
16525044
16530042
16535041
16540039
16545038
16550036
16555035
16560033
16565032
16570030
16575029
16580027
16585026
16590024
16595023
16600021
16605020
16610018
16615017
16620015
16625014
16630012
16635011
16640009
16645008
16650006
16655005
16660003
16665002
16670000
16674999
16679997
16684996
16689994
16694993
16699991
16704990
16709988
16714987
16719985
16724984
16729982
16734981
16739979
16744978
16749976
16754975
16759973
16764972
16769970
16774969
16779967
16784966
16789964
16794963
16799961
16804960
16809958
16814957
16819955
16824954
16829952
16834951
16839949
16844948
16849946
16854945
16859943
16864942
16869940
16874939
16879937
16884936
16889934
16894933
16899931
16904930
16909928
16914927
16919925
16924924
16929922
16934921
16939919
16944918
16949916
16954915
16959913
16964912
16969910
16974909
16979907
16984906
16989904
16994903
16999901
17004900
17009898
17014897
17019895
17024894
17029892
17034891
17039889
17044888
17049886
17054885
17059883
17064882
17069880
17074879
17079877
17084876
17089874
17094873
17099871
17104870
17109868
17114867
17119865
17124864
17129862
17134861
17139859
17144858
17149856
17154855
17159853
17164852
17169850
17174849
17179847
17184846
17189844
17194843
17199841
17204840
17209838
17214837
17219835
17224834
17229832
17234831
17239829
17244828
17249826
17254825
17259823
17264822
17269820
17274819
17279817
17284816
17289814
17294813
17299811
17304810
17309808
17314807
17319805
17324804
17329802
17334801
17339799
17344798
17349796
17354795
17359793
17364792
17369790
17374789
17379787
17384786
17389784
17394783
17399781
17404780
17409778
17414777
17419775
17424774
17429772
17434771
17439769
17444768
17449766
17454765
17459763
17464762
17469760
17474759
17479757
17484756
17489754
17494753
17499751
17504750
17509748
17514747
17519745
17524744
17529742
17534741
17539739
17544738
17549736
17554735
17559733
17564732
17569730
17574729
17579727
17584726
17589724
17594723
17599721
17604720
17609718
17614717
17619715
17624714
17629712
17634711
17639709
17644708
17649706
17654705
17659703
17664702
17669700
17674699
17679697
17684696
17689694
17694693
17699691
17704690
17709688
17714687
17719685
17724684
17729682
17734681
17739679
17744678
17749676
17754675
17759673
17764672
17769670
17774669
17779667
17784666
17789664
17794663
17799661
17804660
17809658
17814657
17819655
17824654
17829652
17834651
17839649
17844648
17849646
17854645
17859643
17864642
17869640
17874639
17879637
17884636
17889634
17894633
17899631
17904630
17909628
17914627
17919625
17924624
17929622
17934621
17939619
17944618
17949616
17954615
17959613
17964612
17969610
17974609
17979607
17984606
17989604
17994603
17999601
18004600
18009598
18014597
18019595
18024594
18029592
18034591
18039589
18044588
18049586
18054585
18059583
18064582
18069580
18074579
18079577
18084576
18089574
18094573
18099571
18104570
18109568
18114567
18119565
18124564
18129562
18134561
18139559
18144558
18149556
18154555
18159553
18164552
18169550
18174549
18179547
18184546
18189544
18194543
18199541
18204540
18209538
18214537
18219535
18224534
18229532
18234531
18239529
18244528
18249526
18254525
18259523
18264522
18269520
18274519
18279517
18284516
18289514
18294513
18299511
18304510
18309508
18314507
18319505
18324504
18329502
18334501
18339499
18344498
18349496
18354495
18359493
18364492
18369490
18374489
18379487
18384486
18389484
18394483
18399481
18404480
18409478
18414477
18419475
18424474
18429472
18434471
18439469
18444468
18449466
18454465
18459463
18464462
18469460
18474459
18479457
18484456
18489454
18494453
18499451
18504450
18509448
18514447
18519445
18524444
18529442
18534441
18539439
18544438
18549436
18554435
18559433
18564432
18569430
18574429
18579427
18584426
18589424
18594423
18599421
18604420
18609418
18614417
18619415
18624414
18629412
18634411
18639409
18644408
18649406
18654405
18659403
18664402
18669400
18674399
18679397
18684396
18689394
18694393
18699391
18704390
18709388
18714387
18719385
18724384
18729382
18734381
18739379
18744378
18749376
18754375
18759373
18764372
18769370
18774369
18779367
18784366
18789364
18794363
18799361
18804360
18809358
18814357
18819355
18824354
18829352
18834351
18839349
18844348
18849346
18854345
18859343
18864342
18869340
18874339
18879337
18884336
18889334
18894333
18899331
18904330
18909328
18914327
18919325
18924324
18929322
18934321
18939319
18944318
18949316
18954315
18959313
18964312
18969310
18974309
18979307
18984306
18989304
18994303
18999301
19004300
19009298
19014297
19019295
19024294
19029292
19034291
19039289
19044288
19049286
19054285
19059283
19064282
19069280
19074279
19079277
19084276
19089274
19094273
19099271
19104270
19109268
19114267
19119265
19124264
19129262
19134261
19139259
19144258
19149256
19154255
19159253
19164252
19169250
19174249
19179247
19184246
19189244
19194243
19199241
19204240
19209238
19214237
19219235
19224234
19229232
19234231
19239229
19244228
19249226
19254225
19259223
19264222
19269220
19274219
19279217
19284216
19289214
19294213
19299211
19304210
19309208
19314207
19319205
19324204
19329202
19334201
19339199
19344198
19349196
19354195
19359193
19364192
19369190
19374189
19379187
19384186
19389184
19394183
19399181
19404180
19409178
19414177
19419175
19424174
19429172
19434171
19439169
19444168
19449166
19454165
19459163
19464162
19469160
19474159
19479157
19484156
19489154
19494153
19499151
19504150
19509148
19514147
19519145
19524144
19529142
19534141
19539139
19544138
19549136
19554135
19559133
19564132
19569130
19574129
19579127
19584126
19589124
19594123
19599121
19604120
19609118
19614117
19619115
19624114
19629112
19634111
19639109
19644108
19649106
19654105
19659103
19664102
19669100
19674099
19679097
19684096
19689094
19694093
19699091
19704090
19709088
19714087
19719085
19724084
19729082
19734081
19739079
19744078
19749076
19754075
19759073
19764072
19769070
19774069
19779067
19784066
19789064
19794063
19799061
19804060
19809058
19814057
19819055
19824054
19829052
19834051
19839049
19844048
19849046
19854045
19859043
19864042
19869040
19874039
19879037
19884036
19889034
19894033
19899031
19904030
19909028
19914027
19919025
19924024
19929022
19934021
19939019
19944018
19949016
19954015
19959013
19964012
19969010
19974009
19979007
19984006
19989004
19994003
19999001
20004000
20008998
20013997
20018995
20023994
20028992
20033991
20038989
20043988
20048986
20053985
20058983
20063982
20068980
20073979
20078977
20083976
20088974
20093973
20098971
20103970
20108968
20113967
20118965
20123964
20128962
20133961
20138959
20143958
20148956
20153955
20158953
20163952
20168950
20173949
20178947
20183946
20188944
20193943
20198941
20203940
20208938
20213937
20218935
20223934
20228932
20233931
20238929
20243928
20248926
20253925
20258923
20263922
20268920
20273919
20278917
20283916
20288914
20293913
20298911
20303910
20308908
20313907
20318905
20323904
20328902
20333901
20338899
20343898
20348896
20353895
20358893
20363892
20368890
20373889
20378887
20383886
20388884
20393883
20398881
20403880
20408878
20413877
20418875
20423874
20428872
20433871
20438869
20443868
20448866
20453865
20458863
20463862
20468860
20473859
20478857
20483856
20488854
20493853
20498851
20503850
20508848
20513847
20518845
20523844
20528842
20533841
20538839
20543838
20548836
20553835
20558833
20563832
20568830
20573829
20578827
20583826
20588824
20593823
20598821
20603820
20608818
20613817
20618815
20623814
20628812
20633811
20638809
20643808
20648806
20653805
20658803
20663802
20668800
20673799
20678797
20683796
20688794
20693793
20698791
20703790
20708788
20713787
20718785
20723784
20728782
20733781
20738779
20743778
20748776
20753775
20758773
20763772
20768770
20773769
20778767
20783766
20788764
20793763
20798761
20803760
20808758
20813757
20818755
20823754
20828752
20833751
20838749
20843748
20848746
20853745
20858743
20863742
20868740
20873739
20878737
20883736
20888734
20893733
20898731
20903730
20908728
20913727
20918725
20923724
20928722
20933721
20938719
20943718
20948716
20953715
20958713
20963712
20968710
20973709
20978707
20983706
20988704
20993703
20998701
21003700
21008698
21013697
21018695
21023694
21028692
21033691
21038689
21043688
21048686
21053685
21058683
21063682
21068680
21073679
21078677
21083676
21088674
21093673
21098671
21103670
21108668
21113667
21118665
21123664
21128662
21133661
21138659
21143658
21148656
21153655
21158653
21163652
21168650
21173649
21178647
21183646
21188644
21193643
21198641
21203640
21208638
21213637
21218635
21223634
21228632
21233631
21238629
21243628
21248626
21253625
21258623
21263622
21268620
21273619
21278617
21283616
21288614
21293613
21298611
21303610
21308608
21313607
21318605
21323604
21328602
21333601
21338599
21343598
21348596
21353595
21358593
21363592
21368590
21373589
21378587
21383586
21388584
21393583
21398581
21403580
21408578
21413577
21418575
21423574
21428572
21433571
21438569
21443568
21448566
21453565
21458563
21463562
21468560
21473559
21478557
21483556
21488554
21493553
21498551
21503550
21508548
21513547
21518545
21523544
21528542
21533541
21538539
21543538
21548536
21553535
21558533
21563532
21568530
21573529
21578527
21583526
21588524
21593523
21598521
21603520
21608518
21613517
21618515
21623514
21628512
21633511
21638509
21643508
21648506
21653505
21658503
21663502
21668500
21673499
21678497
21683496
21688494
21693493
21698491
21703490
21708488
21713487
21718485
21723484
21728482
21733481
21738479
21743478
21748476
21753475
21758473
21763472
21768470
21773469
21778467
21783466
21788464
21793463
21798461
21803460
21808458
21813457
21818455
21823454
21828452
21833451
21838449
21843448
21848446
21853445
21858443
21863442
21868440
21873439
21878437
21883436
21888434
21893433
21898431
21903430
21908428
21913427
21918425
21923424
21928422
21933421
21938419
21943418
21948416
21953415
21958413
21963412
21968410
21973409
21978407
21983406
21988404
21993403
21998401
22003400
22008398
22013397
22018395
22023394
22028392
22033391
22038389
22043388
22048386
22053385
22058383
22063382
22068380
22073379
22078377
22083376
22088374
22093373
22098371
22103370
22108368
22113367
22118365
22123364
22128362
22133361
22138359
22143358
22148356
22153355
22158353
22163352
22168350
22173349
22178347
22183346
22188344
22193343
22198341
22203340
22208338
22213337
22218335
22223334
22228332
22233331
22238329
22243328
22248326
22253325
22258323
22263322
22268320
22273319
22278317
22283316
22288314
22293313
22298311
22303310
22308308
22313307
22318305
22323304
22328302
22333301
22338299
22343298
22348296
22353295
22358293
22363292
22368290
22373289
22378287
22383286
22388284
22393283
22398281
22403280
22408278
22413277
22418275
22423274
22428272
22433271
22438269
22443268
22448266
22453265
22458263
22463262
22468260
22473259
22478257
22483256
22488254
22493253
22498251
22503250
22508248
22513247
22518245
22523244
22528242
22533241
22538239
22543238
22548236
22553235
22558233
22563232
22568230
22573229
22578227
22583226
22588224
22593223
22598221
22603220
22608218
22613217
22618215
22623214
22628212
22633211
22638209
22643208
22648206
22653205
22658203
22663202
22668200
22673199
22678197
22683196
22688194
22693193
22698191
22703190
22708188
22713187
22718185
22723184
22728182
22733181
22738179
22743178
22748176
22753175
22758173
22763172
22768170
22773169
22778167
22783166
22788164
22793163
22798161
22803160
22808158
22813157
22818155
22823154
22828152
22833151
22838149
22843148
22848146
22853145
22858143
22863142
22868140
22873139
22878137
22883136
22888134
22893133
22898131
22903130
22908128
22913127
22918125
22923124
22928122
22933121
22938119
22943118
22948116
22953115
22958113
22963112
22968110
22973109
22978107
22983106
22988104
22993103
22998101
23003100
23008098
23013097
23018095
23023094
23028092
23033091
23038089
23043088
23048086
23053085
23058083
23063082
23068080
23073079
23078077
23083076
23088074
23093073
23098071
23103070
23108068
23113067
23118065
23123064
23128062
23133061
23138059
23143058
23148056
23153055
23158053
23163052
23168050
23173049
23178047
23183046
23188044
23193043
23198041
23203040
23208038
23213037
23218035
23223034
23228032
23233031
23238029
23243028
23248026
23253025
23258023
23263022
23268020
23273019
23278017
23283016
23288014
23293013
23298011
23303010
23308008
23313007
23318005
23323004
23328002
23333001
23337999
23342998
23347996
23352995
23357993
23362992
23367990
23372989
23377987
23382986
23387984
23392983
23397981
23402980
23407978
23412977
23417975
23422974
23427972
23432971
23437969
23442968
23447966
23452965
23457963
23462962
23467960
23472959
23477957
23482956
23487954
23492953
23497951
23502950
23507948
23512947
23517945
23522944
23527942
23532941
23537939
23542938
23547936
23552935
23557933
23562932
23567930
23572929
23577927
23582926
23587924
23592923
23597921
23602920
23607918
23612917
23617915
23622914
23627912
23632911
23637909
23642908
23647906
23652905
23657903
23662902
23667900
23672899
23677897
23682896
23687894
23692893
23697891
23702890
23707888
23712887
23717885
23722884
23727882
23732881
23737879
23742878
23747876
23752875
23757873
23762872
23767870
23772869
23777867
23782866
23787864
23792863
23797861
23802860
23807858
23812857
23817855
23822854
23827852
23832851
23837849
23842848
23847846
23852845
23857843
23862842
23867840
23872839
23877837
23882836
23887834
23892833
23897831
23902830
23907828
23912827
23917825
23922824
23927822
23932821
23937819
23942818
23947816
23952815
23957813
23962812
23967810
23972809
23977807
23982806
23987804
23992803
23997801
24002800
24007798
24012797
24017795
24022794
24027792
24032791
24037789
24042788
24047786
24052785
24057783
24062782
24067780
24072779
24077777
24082776
24087774
24092773
24097771
24102770
24107768
24112767
24117765
24122764
24127762
24132761
24137759
24142758
24147756
24152755
24157753
24162752
24167750
24172749
24177747
24182746
24187744
24192743
24197741
24202740
24207738
24212737
24217735
24222734
24227732
24232731
24237729
24242728
24247726
24252725
24257723
24262722
24267720
24272719
24277717
24282716
24287714
24292713
24297711
24302710
24307708
24312707
24317705
24322704
24327702
24332701
24337699
24342698
24347696
24352695
24357693
24362692
24367690
24372689
24377687
24382686
24387684
24392683
24397681
24402680
24407678
24412677
24417675
24422674
24427672
24432671
24437669
24442668
24447666
24452665
24457663
24462662
24467660
24472659
24477657
24482656
24487654
24492653
24497651
24502650
24507648
24512647
24517645
24522644
24527642
24532641
24537639
24542638
24547636
24552635
24557633
24562632
24567630
24572629
24577627
24582626
24587624
24592623
24597621
24602620
24607618
24612617
24617615
24622614
24627612
24632611
24637609
24642608
24647606
24652605
24657603
24662602
24667600
24672599
24677597
24682596
24687594
24692593
24697591
24702590
24707588
24712587
24717585
24722584
24727582
24732581
24737579
24742578
24747576
24752575
24757573
24762572
24767570
24772569
24777567
24782566
24787564
24792563
24797561
24802560
24807558
24812557
24817555
24822554
24827552
24832551
24837549
24842548
24847546
24852545
24857543
24862542
24867540
24872539
24877537
24882536
24887534
24892533
24897531
24902530
24907528
24912527
24917525
24922524
24927522
24932521
24937519
24942518
24947516
24952515
24957513
24962512
24967510
24972509
24977507
24982506
24987504
24992503
24997501
25002500
25007498
25012497
25017495
25022494
25027492
25032491
25037489
25042488
25047486
25052485
25057483
25062482
25067480
25072479
25077477
25082476
25087474
25092473
25097471
25102470
25107468
25112467
25117465
25122464
25127462
25132461
25137459
25142458
25147456
25152455
25157453
25162452
25167450
25172449
25177447
25182446
25187444
25192443
25197441
25202440
25207438
25212437
25217435
25222434
25227432
25232431
25237429
25242428
25247426
25252425
25257423
25262422
25267420
25272419
25277417
25282416
25287414
25292413
25297411
25302410
25307408
25312407
25317405
25322404
25327402
25332401
25337399
25342398
25347396
25352395
25357393
25362392
25367390
25372389
25377387
25382386
25387384
25392383
25397381
25402380
25407378
25412377
25417375
25422374
25427372
25432371
25437369
25442368
25447366
25452365
25457363
25462362
25467360
25472359
25477357
25482356
25487354
25492353
25497351
25502350
25507348
25512347
25517345
25522344
25527342
25532341
25537339
25542338
25547336
25552335
25557333
25562332
25567330
25572329
25577327
25582326
25587324
25592323
25597321
25602320
25607318
25612317
25617315
25622314
25627312
25632311
25637309
25642308
25647306
25652305
25657303
25662302
25667300
25672299
25677297
25682296
25687294
25692293
25697291
25702290
25707288
25712287
25717285
25722284
25727282
25732281
25737279
25742278
25747276
25752275
25757273
25762272
25767270
25772269
25777267
25782266
25787264
25792263
25797261
25802260
25807258
25812257
25817255
25822254
25827252
25832251
25837249
25842248
25847246
25852245
25857243
25862242
25867240
25872239
25877237
25882236
25887234
25892233
25897231
25902230
25907228
25912227
25917225
25922224
25927222
25932221
25937219
25942218
25947216
25952215
25957213
25962212
25967210
25972209
25977207
25982206
25987204
25992203
25997201
26002200
26007198
26012197
26017195
26022194
26027192
26032191
26037189
26042188
26047186
26052185
26057183
26062182
26067180
26072179
26077177
26082176
26087174
26092173
26097171
26102170
26107168
26112167
26117165
26122164
26127162
26132161
26137159
26142158
26147156
26152155
26157153
26162152
26167150
26172149
26177147
26182146
26187144
26192143
26197141
26202140
26207138
26212137
26217135
26222134
26227132
26232131
26237129
26242128
26247126
26252125
26257123
26262122
26267120
26272119
26277117
26282116
26287114
26292113
26297111
26302110
26307108
26312107
26317105
26322104
26327102
26332101
26337099
26342098
26347096
26352095
26357093
26362092
26367090
26372089
26377087
26382086
26387084
26392083
26397081
26402080
26407078
26412077
26417075
26422074
26427072
26432071
26437069
26442068
26447066
26452065
26457063
26462062
26467060
26472059
26477057
26482056
26487054
26492053
26497051
26502050
26507048
26512047
26517045
26522044
26527042
26532041
26537039
26542038
26547036
26552035
26557033
26562032
26567030
26572029
26577027
26582026
26587024
26592023
26597021
26602020
26607018
26612017
26617015
26622014
26627012
26632011
26637009
26642008
26647006
26652005
26657003
26662002
26667000
26671999
26676997
26681996
26686994
26691993
26696991
26701990
26706988
26711987
26716985
26721984
26726982
26731981
26736979
26741978
26746976
26751975
26756973
26761972
26766970
26771969
26776967
26781966
26786964
26791963
26796961
26801960
26806958
26811957
26816955
26821954
26826952
26831951
26836949
26841948
26846946
26851945
26856943
26861942
26866940
26871939
26876937
26881936
26886934
26891933
26896931
26901930
26906928
26911927
26916925
26921924
26926922
26931921
26936919
26941918
26946916
26951915
26956913
26961912
26966910
26971909
26976907
26981906
26986904
26991903
26996901
27001900
27006898
27011897
27016895
27021894
27026892
27031891
27036889
27041888
27046886
27051885
27056883
27061882
27066880
27071879
27076877
27081876
27086874
27091873
27096871
27101870
27106868
27111867
27116865
27121864
27126862
27131861
27136859
27141858
27146856
27151855
27156853
27161852
27166850
27171849
27176847
27181846
27186844
27191843
27196841
27201840
27206838
27211837
27216835
27221834
27226832
27231831
27236829
27241828
27246826
27251825
27256823
27261822
27266820
27271819
27276817
27281816
27286814
27291813
27296811
27301810
27306808
27311807
27316805
27321804
27326802
27331801
27336799
27341798
27346796
27351795
27356793
27361792
27366790
27371789
27376787
27381786
27386784
27391783
27396781
27401780
27406778
27411777
27416775
27421774
27426772
27431771
27436769
27441768
27446766
27451765
27456763
27461762
27466760
27471759
27476757
27481756
27486754
27491753
27496751
27501750
27506748
27511747
27516745
27521744
27526742
27531741
27536739
27541738
27546736
27551735
27556733
27561732
27566730
27571729
27576727
27581726
27586724
27591723
27596721
27601720
27606718
27611717
27616715
27621714
27626712
27631711
27636709
27641708
27646706
27651705
27656703
27661702
27666700
27671699
27676697
27681696
27686694
27691693
27696691
27701690
27706688
27711687
27716685
27721684
27726682
27731681
27736679
27741678
27746676
27751675
27756673
27761672
27766670
27771669
27776667
27781666
27786664
27791663
27796661
27801660
27806658
27811657
27816655
27821654
27826652
27831651
27836649
27841648
27846646
27851645
27856643
27861642
27866640
27871639
27876637
27881636
27886634
27891633
27896631
27901630
27906628
27911627
27916625
27921624
27926622
27931621
27936619
27941618
27946616
27951615
27956613
27961612
27966610
27971609
27976607
27981606
27986604
27991603
27996601
28001600
28006598
28011597
28016595
28021594
28026592
28031591
28036589
28041588
28046586
28051585
28056583
28061582
28066580
28071579
28076577
28081576
28086574
28091573
28096571
28101570
28106568
28111567
28116565
28121564
28126562
28131561
28136559
28141558
28146556
28151555
28156553
28161552
28166550
28171549
28176547
28181546
28186544
28191543
28196541
28201540
28206538
28211537
28216535
28221534
28226532
28231531
28236529
28241528
28246526
28251525
28256523
28261522
28266520
28271519
28276517
28281516
28286514
28291513
28296511
28301510
28306508
28311507
28316505
28321504
28326502
28331501
28336499
28341498
28346496
28351495
28356493
28361492
28366490
28371489
28376487
28381486
28386484
28391483
28396481
28401480
28406478
28411477
28416475
28421474
28426472
28431471
28436469
28441468
28446466
28451465
28456463
28461462
28466460
28471459
28476457
28481456
28486454
28491453
28496451
28501450
28506448
28511447
28516445
28521444
28526442
28531441
28536439
28541438
28546436
28551435
28556433
28561432
28566430
28571429
28576427
28581426
28586424
28591423
28596421
28601420
28606418
28611417
28616415
28621414
28626412
28631411
28636409
28641408
28646406
28651405
28656403
28661402
28666400
28671399
28676397
28681396
28686394
28691393
28696391
28701390
28706388
28711387
28716385
28721384
28726382
28731381
28736379
28741378
28746376
28751375
28756373
28761372
28766370
28771369
28776367
28781366
28786364
28791363
28796361
28801360
28806358
28811357
28816355
28821354
28826352
28831351
28836349
28841348
28846346
28851345
28856343
28861342
28866340
28871339
28876337
28881336
28886334
28891333
28896331
28901330
28906328
28911327
28916325
28921324
28926322
28931321
28936319
28941318
28946316
28951315
28956313
28961312
28966310
28971309
28976307
28981306
28986304
28991303
28996301
29001300
29006298
29011297
29016295
29021294
29026292
29031291
29036289
29041288
29046286
29051285
29056283
29061282
29066280
29071279
29076277
29081276
29086274
29091273
29096271
29101270
29106268
29111267
29116265
29121264
29126262
29131261
29136259
29141258
29146256
29151255
29156253
29161252
29166250
29171249
29176247
29181246
29186244
29191243
29196241
29201240
29206238
29211237
29216235
29221234
29226232
29231231
29236229
29241228
29246226
29251225
29256223
29261222
29266220
29271219
29276217
29281216
29286214
29291213
29296211
29301210
29306208
29311207
29316205
29321204
29326202
29331201
29336199
29341198
29346196
29351195
29356193
29361192
29366190
29371189
29376187
29381186
29386184
29391183
29396181
29401180
29406178
29411177
29416175
29421174
29426172
29431171
29436169
29441168
29446166
29451165
29456163
29461162
29466160
29471159
29476157
29481156
29486154
29491153
29496151
29501150
29506148
29511147
29516145
29521144
29526142
29531141
29536139
29541138
29546136
29551135
29556133
29561132
29566130
29571129
29576127
29581126
29586124
29591123
29596121
29601120
29606118
29611117
29616115
29621114
29626112
29631111
29636109
29641108
29646106
29651105
29656103
29661102
29666100
29671099
29676097
29681096
29686094
29691093
29696091
29701090
29706088
29711087
29716085
29721084
29726082
29731081
29736079
29741078
29746076
29751075
29756073
29761072
29766070
29771069
29776067
29781066
29786064
29791063
29796061
29801060
29806058
29811057
29816055
29821054
29826052
29831051
29836049
29841048
29846046
29851045
29856043
29861042
29866040
29871039
29876037
29881036
29886034
29891033
29896031
29901030
29906028
29911027
29916025
29921024
29926022
29931021
29936019
29941018
29946016
29951015
29956013
29961012
29966010
29971009
29976007
29981006
29986004
29991003
29996001
30001000
30005998
30010997
30015995
30020994
30025992
30030991
30035989
30040988
30045986
30050985
30055983
30060982
30065980
30070979
30075977
30080976
30085974
30090973
30095971
30100970
30105968
30110967
30115965
30120964
30125962
30130961
30135959
30140958
30145956
30150955
30155953
30160952
30165950
30170949
30175947
30180946
30185944
30190943
30195941
30200940
30205938
30210937
30215935
30220934
30225932
30230931
30235929
30240928
30245926
30250925
30255923
30260922
30265920
30270919
30275917
30280916
30285914
30290913
30295911
30300910
30305908
30310907
30315905
30320904
30325902
30330901
30335899
30340898
30345896
30350895
30355893
30360892
30365890
30370889
30375887
30380886
30385884
30390883
30395881
30400880
30405878
30410877
30415875
30420874
30425872
30430871
30435869
30440868
30445866
30450865
30455863
30460862
30465860
30470859
30475857
30480856
30485854
30490853
30495851
30500850
30505848
30510847
30515845
30520844
30525842
30530841
30535839
30540838
30545836
30550835
30555833
30560832
30565830
30570829
30575827
30580826
30585824
30590823
30595821
30600820
30605818
30610817
30615815
30620814
30625812
30630811
30635809
30640808
30645806
30650805
30655803
30660802
30665800
30670799
30675797
30680796
30685794
30690793
30695791
30700790
30705788
30710787
30715785
30720784
30725782
30730781
30735779
30740778
30745776
30750775
30755773
30760772
30765770
30770769
30775767
30780766
30785764
30790763
30795761
30800760
30805758
30810757
30815755
30820754
30825752
30830751
30835749
30840748
30845746
30850745
30855743
30860742
30865740
30870739
30875737
30880736
30885734
30890733
30895731
30900730
30905728
30910727
30915725
30920724
30925722
30930721
30935719
30940718
30945716
30950715
30955713
30960712
30965710
30970709
30975707
30980706
30985704
30990703
30995701
31000700
31005698
31010697
31015695
31020694
31025692
31030691
31035689
31040688
31045686
31050685
31055683
31060682
31065680
31070679
31075677
31080676
31085674
31090673
31095671
31100670
31105668
31110667
31115665
31120664
31125662
31130661
31135659
31140658
31145656
31150655
31155653
31160652
31165650
31170649
31175647
31180646
31185644
31190643
31195641
31200640
31205638
31210637
31215635
31220634
31225632
31230631
31235629
31240628
31245626
31250625
31255623
31260622
31265620
31270619
31275617
31280616
31285614
31290613
31295611
31300610
31305608
31310607
31315605
31320604
31325602
31330601
31335599
31340598
31345596
31350595
31355593
31360592
31365590
31370589
31375587
31380586
31385584
31390583
31395581
31400580
31405578
31410577
31415575
31420574
31425572
31430571
31435569
31440568
31445566
31450565
31455563
31460562
31465560
31470559
31475557
31480556
31485554
31490553
31495551
31500550
31505548
31510547
31515545
31520544
31525542
31530541
31535539
31540538
31545536
31550535
31555533
31560532
31565530
31570529
31575527
31580526
31585524
31590523
31595521
31600520
31605518
31610517
31615515
31620514
31625512
31630511
31635509
31640508
31645506
31650505
31655503
31660502
31665500
31670499
31675497
31680496
31685494
31690493
31695491
31700490
31705488
31710487
31715485
31720484
31725482
31730481
31735479
31740478
31745476
31750475
31755473
31760472
31765470
31770469
31775467
31780466
31785464
31790463
31795461
31800460
31805458
31810457
31815455
31820454
31825452
31830451
31835449
31840448
31845446
31850445
31855443
31860442
31865440
31870439
31875437
31880436
31885434
31890433
31895431
31900430
31905428
31910427
31915425
31920424
31925422
31930421
31935419
31940418
31945416
31950415
31955413
31960412
31965410
31970409
31975407
31980406
31985404
31990403
31995401
32000400
32005398
32010397
32015395
32020394
32025392
32030391
32035389
32040388
32045386
32050385
32055383
32060382
32065380
32070379
32075377
32080376
32085374
32090373
32095371
32100370
32105368
32110367
32115365
32120364
32125362
32130361
32135359
32140358
32145356
32150355
32155353
32160352
32165350
32170349
32175347
32180346
32185344
32190343
32195341
32200340
32205338
32210337
32215335
32220334
32225332
32230331
32235329
32240328
32245326
32250325
32255323
32260322
32265320
32270319
32275317
32280316
32285314
32290313
32295311
32300310
32305308
32310307
32315305
32320304
32325302
32330301
32335299
32340298
32345296
32350295
32355293
32360292
32365290
32370289
32375287
32380286
32385284
32390283
32395281
32400280
32405278
32410277
32415275
32420274
32425272
32430271
32435269
32440268
32445266
32450265
32455263
32460262
32465260
32470259
32475257
32480256
32485254
32490253
32495251
32500250
32505248
32510247
32515245
32520244
32525242
32530241
32535239
32540238
32545236
32550235
32555233
32560232
32565230
32570229
32575227
32580226
32585224
32590223
32595221
32600220
32605218
32610217
32615215
32620214
32625212
32630211
32635209
32640208
32645206
32650205
32655203
32660202
32665200
32670199
32675197
32680196
32685194
32690193
32695191
32700190
32705188
32710187
32715185
32720184
32725182
32730181
32735179
32740178
32745176
32750175
32755173
32760172
32765170
32770169
32775167
32780166
32785164
32790163
32795161
32800160
32805158
32810157
32815155
32820154
32825152
32830151
32835149
32840148
32845146
32850145
32855143
32860142
32865140
32870139
32875137
32880136
32885134
32890133
32895131
32900130
32905128
32910127
32915125
32920124
32925122
32930121
32935119
32940118
32945116
32950115
32955113
32960112
32965110
32970109
32975107
32980106
32985104
32990103
32995101
33000100
33005098
33010097
33015095
33020094
33025092
33030091
33035089
33040088
33045086
33050085
33055083
33060082
33065080
33070079
33075077
33080076
33085074
33090073
33095071
33100070
33105068
33110067
33115065
33120064
33125062
33130061
33135059
33140058
33145056
33150055
33155053
33160052
33165050
33170049
33175047
33180046
33185044
33190043
33195041
33200040
33205038
33210037
33215035
33220034
33225032
33230031
33235029
33240028
33245026
33250025
33255023
33260022
33265020
33270019
33275017
33280016
33285014
33290013
33295011
33300010
33305008
33310007
33315005
33320004
33325002
33330001
33334999
33339998
33344996
33349995
33354993
33359992
33364990
33369989
33374987
33379986
33384984
33389983
33394981
33399980
33404978
33409977
33414975
33419974
33424972
33429971
33434969
33439968
33444966
33449965
33454963
33459962
33464960
33469959
33474957
33479956
33484954
33489953
33494951
33499950
33504948
33509947
33514945
33519944
33524942
33529941
33534939
33539938
33544936
33549935
33554933
33559932
33564930
33569929
33574927
33579926
33584924
33589923
33594921
33599920
33604918
33609917
33614915
33619914
33624912
33629911
33634909
33639908
33644906
33649905
33654903
33659902
33664900
33669899
33674897
33679896
33684894
33689893
33694891
33699890
33704888
33709887
33714885
33719884
33724882
33729881
33734879
33739878
33744876
33749875
33754873
33759872
33764870
33769869
33774867
33779866
33784864
33789863
33794861
33799860
33804858
33809857
33814855
33819854
33824852
33829851
33834849
33839848
33844846
33849845
33854843
33859842
33864840
33869839
33874837
33879836
33884834
33889833
33894831
33899830
33904828
33909827
33914825
33919824
33924822
33929821
33934819
33939818
33944816
33949815
33954813
33959812
33964810
33969809
33974807
33979806
33984804
33989803
33994801
33999800
34004798
34009797
34014795
34019794
34024792
34029791
34034789
34039788
34044786
34049785
34054783
34059782
34064780
34069779
34074777
34079776
34084774
34089773
34094771
34099770
34104768
34109767
34114765
34119764
34124762
34129761
34134759
34139758
34144756
34149755
34154753
34159752
34164750
34169749
34174747
34179746
34184744
34189743
34194741
34199740
34204738
34209737
34214735
34219734
34224732
34229731
34234729
34239728
34244726
34249725
34254723
34259722
34264720
34269719
34274717
34279716
34284714
34289713
34294711
34299710
34304708
34309707
34314705
34319704
34324702
34329701
34334699
34339698
34344696
34349695
34354693
34359692
34364690
34369689
34374687
34379686
34384684
34389683
34394681
34399680
34404678
34409677
34414675
34419674
34424672
34429671
34434669
34439668
34444666
34449665
34454663
34459662
34464660
34469659
34474657
34479656
34484654
34489653
34494651
34499650
34504648
34509647
34514645
34519644
34524642
34529641
34534639
34539638
34544636
34549635
34554633
34559632
34564630
34569629
34574627
34579626
34584624
34589623
34594621
34599620
34604618
34609617
34614615
34619614
34624612
34629611
34634609
34639608
34644606
34649605
34654603
34659602
34664600
34669599
34674597
34679596
34684594
34689593
34694591
34699590
34704588
34709587
34714585
34719584
34724582
34729581
34734579
34739578
34744576
34749575
34754573
34759572
34764570
34769569
34774567
34779566
34784564
34789563
34794561
34799560
34804558
34809557
34814555
34819554
34824552
34829551
34834549
34839548
34844546
34849545
34854543
34859542
34864540
34869539
34874537
34879536
34884534
34889533
34894531
34899530
34904528
34909527
34914525
34919524
34924522
34929521
34934519
34939518
34944516
34949515
34954513
34959512
34964510
34969509
34974507
34979506
34984504
34989503
34994501
34999500
35004498
35009497
35014495
35019494
35024492
35029491
35034489
35039488
35044486
35049485
35054483
35059482
35064480
35069479
35074477
35079476
35084474
35089473
35094471
35099470
35104468
35109467
35114465
35119464
35124462
35129461
35134459
35139458
35144456
35149455
35154453
35159452
35164450
35169449
35174447
35179446
35184444
35189443
35194441
35199440
35204438
35209437
35214435
35219434
35224432
35229431
35234429
35239428
35244426
35249425
35254423
35259422
35264420
35269419
35274417
35279416
35284414
35289413
35294411
35299410
35304408
35309407
35314405
35319404
35324402
35329401
35334399
35339398
35344396
35349395
35354393
35359392
35364390
35369389
35374387
35379386
35384384
35389383
35394381
35399380
35404378
35409377
35414375
35419374
35424372
35429371
35434369
35439368
35444366
35449365
35454363
35459362
35464360
35469359
35474357
35479356
35484354
35489353
35494351
35499350
35504348
35509347
35514345
35519344
35524342
35529341
35534339
35539338
35544336
35549335
35554333
35559332
35564330
35569329
35574327
35579326
35584324
35589323
35594321
35599320
35604318
35609317
35614315
35619314
35624312
35629311
35634309
35639308
35644306
35649305
35654303
35659302
35664300
35669299
35674297
35679296
35684294
35689293
35694291
35699290
35704288
35709287
35714285
35719284
35724282
35729281
35734279
35739278
35744276
35749275
35754273
35759272
35764270
35769269
35774267
35779266
35784264
35789263
35794261
35799260
35804258
35809257
35814255
35819254
35824252
35829251
35834249
35839248
35844246
35849245
35854243
35859242
35864240
35869239
35874237
35879236
35884234
35889233
35894231
35899230
35904228
35909227
35914225
35919224
35924222
35929221
35934219
35939218
35944216
35949215
35954213
35959212
35964210
35969209
35974207
35979206
35984204
35989203
35994201
35999200
36004198
36009197
36014195
36019194
36024192
36029191
36034189
36039188
36044186
36049185
36054183
36059182
36064180
36069179
36074177
36079176
36084174
36089173
36094171
36099170
36104168
36109167
36114165
36119164
36124162
36129161
36134159
36139158
36144156
36149155
36154153
36159152
36164150
36169149
36174147
36179146
36184144
36189143
36194141
36199140
36204138
36209137
36214135
36219134
36224132
36229131
36234129
36239128
36244126
36249125
36254123
36259122
36264120
36269119
36274117
36279116
36284114
36289113
36294111
36299110
36304108
36309107
36314105
36319104
36324102
36329101
36334099
36339098
36344096
36349095
36354093
36359092
36364090
36369089
36374087
36379086
36384084
36389083
36394081
36399080
36404078
36409077
36414075
36419074
36424072
36429071
36434069
36439068
36444066
36449065
36454063
36459062
36464060
36469059
36474057
36479056
36484054
36489053
36494051
36499050
36504048
36509047
36514045
36519044
36524042
36529041
36534039
36539038
36544036
36549035
36554033
36559032
36564030
36569029
36574027
36579026
36584024
36589023
36594021
36599020
36604018
36609017
36614015
36619014
36624012
36629011
36634009
36639008
36644006
36649005
36654003
36659002
36664000
36668999
36673997
36678996
36683994
36688993
36693991
36698990
36703988
36708987
36713985
36718984
36723982
36728981
36733979
36738978
36743976
36748975
36753973
36758972
36763970
36768969
36773967
36778966
36783964
36788963
36793961
36798960
36803958
36808957
36813955
36818954
36823952
36828951
36833949
36838948
36843946
36848945
36853943
36858942
36863940
36868939
36873937
36878936
36883934
36888933
36893931
36898930
36903928
36908927
36913925
36918924
36923922
36928921
36933919
36938918
36943916
36948915
36953913
36958912
36963910
36968909
36973907
36978906
36983904
36988903
36993901
36998900
37003898
37008897
37013895
37018894
37023892
37028891
37033889
37038888
37043886
37048885
37053883
37058882
37063880
37068879
37073877
37078876
37083874
37088873
37093871
37098870
37103868
37108867
37113865
37118864
37123862
37128861
37133859
37138858
37143856
37148855
37153853
37158852
37163850
37168849
37173847
37178846
37183844
37188843
37193841
37198840
37203838
37208837
37213835
37218834
37223832
37228831
37233829
37238828
37243826
37248825
37253823
37258822
37263820
37268819
37273817
37278816
37283814
37288813
37293811
37298810
37303808
37308807
37313805
37318804
37323802
37328801
37333799
37338798
37343796
37348795
37353793
37358792
37363790
37368789
37373787
37378786
37383784
37388783
37393781
37398780
37403778
37408777
37413775
37418774
37423772
37428771
37433769
37438768
37443766
37448765
37453763
37458762
37463760
37468759
37473757
37478756
37483754
37488753
37493751
37498750
37503748
37508747
37513745
37518744
37523742
37528741
37533739
37538738
37543736
37548735
37553733
37558732
37563730
37568729
37573727
37578726
37583724
37588723
37593721
37598720
37603718
37608717
37613715
37618714
37623712
37628711
37633709
37638708
37643706
37648705
37653703
37658702
37663700
37668699
37673697
37678696
37683694
37688693
37693691
37698690
37703688
37708687
37713685
37718684
37723682
37728681
37733679
37738678
37743676
37748675
37753673
37758672
37763670
37768669
37773667
37778666
37783664
37788663
37793661
37798660
37803658
37808657
37813655
37818654
37823652
37828651
37833649
37838648
37843646
37848645
37853643
37858642
37863640
37868639
37873637
37878636
37883634
37888633
37893631
37898630
37903628
37908627
37913625
37918624
37923622
37928621
37933619
37938618
37943616
37948615
37953613
37958612
37963610
37968609
37973607
37978606
37983604
37988603
37993601
37998600
38003598
38008597
38013595
38018594
38023592
38028591
38033589
38038588
38043586
38048585
38053583
38058582
38063580
38068579
38073577
38078576
38083574
38088573
38093571
38098570
38103568
38108567
38113565
38118564
38123562
38128561
38133559
38138558
38143556
38148555
38153553
38158552
38163550
38168549
38173547
38178546
38183544
38188543
38193541
38198540
38203538
38208537
38213535
38218534
38223532
38228531
38233529
38238528
38243526
38248525
38253523
38258522
38263520
38268519
38273517
38278516
38283514
38288513
38293511
38298510
38303508
38308507
38313505
38318504
38323502
38328501
38333499
38338498
38343496
38348495
38353493
38358492
38363490
38368489
38373487
38378486
38383484
38388483
38393481
38398480
38403478
38408477
38413475
38418474
38423472
38428471
38433469
38438468
38443466
38448465
38453463
38458462
38463460
38468459
38473457
38478456
38483454
38488453
38493451
38498450
38503448
38508447
38513445
38518444
38523442
38528441
38533439
38538438
38543436
38548435
38553433
38558432
38563430
38568429
38573427
38578426
38583424
38588423
38593421
38598420
38603418
38608417
38613415
38618414
38623412
38628411
38633409
38638408
38643406
38648405
38653403
38658402
38663400
38668399
38673397
38678396
38683394
38688393
38693391
38698390
38703388
38708387
38713385
38718384
38723382
38728381
38733379
38738378
38743376
38748375
38753373
38758372
38763370
38768369
38773367
38778366
38783364
38788363
38793361
38798360
38803358
38808357
38813355
38818354
38823352
38828351
38833349
38838348
38843346
38848345
38853343
38858342
38863340
38868339
38873337
38878336
38883334
38888333
38893331
38898330
38903328
38908327
38913325
38918324
38923322
38928321
38933319
38938318
38943316
38948315
38953313
38958312
38963310
38968309
38973307
38978306
38983304
38988303
38993301
38998300
39003298
39008297
39013295
39018294
39023292
39028291
39033289
39038288
39043286
39048285
39053283
39058282
39063280
39068279
39073277
39078276
39083274
39088273
39093271
39098270
39103268
39108267
39113265
39118264
39123262
39128261
39133259
39138258
39143256
39148255
39153253
39158252
39163250
39168249
39173247
39178246
39183244
39188243
39193241
39198240
39203238
39208237
39213235
39218234
39223232
39228231
39233229
39238228
39243226
39248225
39253223
39258222
39263220
39268219
39273217
39278216
39283214
39288213
39293211
39298210
39303208
39308207
39313205
39318204
39323202
39328201
39333199
39338198
39343196
39348195
39353193
39358192
39363190
39368189
39373187
39378186
39383184
39388183
39393181
39398180
39403178
39408177
39413175
39418174
39423172
39428171
39433169
39438168
39443166
39448165
39453163
39458162
39463160
39468159
39473157
39478156
39483154
39488153
39493151
39498150
39503148
39508147
39513145
39518144
39523142
39528141
39533139
39538138
39543136
39548135
39553133
39558132
39563130
39568129
39573127
39578126
39583124
39588123
39593121
39598120
39603118
39608117
39613115
39618114
39623112
39628111
39633109
39638108
39643106
39648105
39653103
39658102
39663100
39668099
39673097
39678096
39683094
39688093
39693091
39698090
39703088
39708087
39713085
39718084
39723082
39728081
39733079
39738078
39743076
39748075
39753073
39758072
39763070
39768069
39773067
39778066
39783064
39788063
39793061
39798060
39803058
39808057
39813055
39818054
39823052
39828051
39833049
39838048
39843046
39848045
39853043
39858042
39863040
39868039
39873037
39878036
39883034
39888033
39893031
39898030
39903028
39908027
39913025
39918024
39923022
39928021
39933019
39938018
39943016
39948015
39953013
39958012
39963010
39968009
39973007
39978006
39983004
39988003
39993001
39998000
40002998
40007997
40012995
40017994
40022992
40027991
40032989
40037988
40042986
40047985
40052983
40057982
40062980
40067979
40072977
40077976
40082974
40087973
40092971
40097970
40102968
40107967
40112965
40117964
40122962
40127961
40132959
40137958
40142956
40147955
40152953
40157952
40162950
40167949
40172947
40177946
40182944
40187943
40192941
40197940
40202938
40207937
40212935
40217934
40222932
40227931
40232929
40237928
40242926
40247925
40252923
40257922
40262920
40267919
40272917
40277916
40282914
40287913
40292911
40297910
40302908
40307907
40312905
40317904
40322902
40327901
40332899
40337898
40342896
40347895
40352893
40357892
40362890
40367889
40372887
40377886
40382884
40387883
40392881
40397880
40402878
40407877
40412875
40417874
40422872
40427871
40432869
40437868
40442866
40447865
40452863
40457862
40462860
40467859
40472857
40477856
40482854
40487853
40492851
40497850
40502848
40507847
40512845
40517844
40522842
40527841
40532839
40537838
40542836
40547835
40552833
40557832
40562830
40567829
40572827
40577826
40582824
40587823
40592821
40597820
40602818
40607817
40612815
40617814
40622812
40627811
40632809
40637808
40642806
40647805
40652803
40657802
40662800
40667799
40672797
40677796
40682794
40687793
40692791
40697790
40702788
40707787
40712785
40717784
40722782
40727781
40732779
40737778
40742776
40747775
40752773
40757772
40762770
40767769
40772767
40777766
40782764
40787763
40792761
40797760
40802758
40807757
40812755
40817754
40822752
40827751
40832749
40837748
40842746
40847745
40852743
40857742
40862740
40867739
40872737
40877736
40882734
40887733
40892731
40897730
40902728
40907727
40912725
40917724
40922722
40927721
40932719
40937718
40942716
40947715
40952713
40957712
40962710
40967709
40972707
40977706
40982704
40987703
40992701
40997700
41002698
41007697
41012695
41017694
41022692
41027691
41032689
41037688
41042686
41047685
41052683
41057682
41062680
41067679
41072677
41077676
41082674
41087673
41092671
41097670
41102668
41107667
41112665
41117664
41122662
41127661
41132659
41137658
41142656
41147655
41152653
41157652
41162650
41167649
41172647
41177646
41182644
41187643
41192641
41197640
41202638
41207637
41212635
41217634
41222632
41227631
41232629
41237628
41242626
41247625
41252623
41257622
41262620
41267619
41272617
41277616
41282614
41287613
41292611
41297610
41302608
41307607
41312605
41317604
41322602
41327601
41332599
41337598
41342596
41347595
41352593
41357592
41362590
41367589
41372587
41377586
41382584
41387583
41392581
41397580
41402578
41407577
41412575
41417574
41422572
41427571
41432569
41437568
41442566
41447565
41452563
41457562
41462560
41467559
41472557
41477556
41482554
41487553
41492551
41497550
41502548
41507547
41512545
41517544
41522542
41527541
41532539
41537538
41542536
41547535
41552533
41557532
41562530
41567529
41572527
41577526
41582524
41587523
41592521
41597520
41602518
41607517
41612515
41617514
41622512
41627511
41632509
41637508
41642506
41647505
41652503
41657502
41662500
41667499
41672497
41677496
41682494
41687493
41692491
41697490
41702488
41707487
41712485
41717484
41722482
41727481
41732479
41737478
41742476
41747475
41752473
41757472
41762470
41767469
41772467
41777466
41782464
41787463
41792461
41797460
41802458
41807457
41812455
41817454
41822452
41827451
41832449
41837448
41842446
41847445
41852443
41857442
41862440
41867439
41872437
41877436
41882434
41887433
41892431
41897430
41902428
41907427
41912425
41917424
41922422
41927421
41932419
41937418
41942416
41947415
41952413
41957412
41962410
41967409
41972407
41977406
41982404
41987403
41992401
41997400
42002398
42007397
42012395
42017394
42022392
42027391
42032389
42037388
42042386
42047385
42052383
42057382
42062380
42067379
42072377
42077376
42082374
42087373
42092371
42097370
42102368
42107367
42112365
42117364
42122362
42127361
42132359
42137358
42142356
42147355
42152353
42157352
42162350
42167349
42172347
42177346
42182344
42187343
42192341
42197340
42202338
42207337
42212335
42217334
42222332
42227331
42232329
42237328
42242326
42247325
42252323
42257322
42262320
42267319
42272317
42277316
42282314
42287313
42292311
42297310
42302308
42307307
42312305
42317304
42322302
42327301
42332299
42337298
42342296
42347295
42352293
42357292
42362290
42367289
42372287
42377286
42382284
42387283
42392281
42397280
42402278
42407277
42412275
42417274
42422272
42427271
42432269
42437268
42442266
42447265
42452263
42457262
42462260
42467259
42472257
42477256
42482254
42487253
42492251
42497250
42502248
42507247
42512245
42517244
42522242
42527241
42532239
42537238
42542236
42547235
42552233
42557232
42562230
42567229
42572227
42577226
42582224
42587223
42592221
42597220
42602218
42607217
42612215
42617214
42622212
42627211
42632209
42637208
42642206
42647205
42652203
42657202
42662200
42667199
42672197
42677196
42682194
42687193
42692191
42697190
42702188
42707187
42712185
42717184
42722182
42727181
42732179
42737178
42742176
42747175
42752173
42757172
42762170
42767169
42772167
42777166
42782164
42787163
42792161
42797160
42802158
42807157
42812155
42817154
42822152
42827151
42832149
42837148
42842146
42847145
42852143
42857142
42862140
42867139
42872137
42877136
42882134
42887133
42892131
42897130
42902128
42907127
42912125
42917124
42922122
42927121
42932119
42937118
42942116
42947115
42952113
42957112
42962110
42967109
42972107
42977106
42982104
42987103
42992101
42997100
43002098
43007097
43012095
43017094
43022092
43027091
43032089
43037088
43042086
43047085
43052083
43057082
43062080
43067079
43072077
43077076
43082074
43087073
43092071
43097070
43102068
43107067
43112065
43117064
43122062
43127061
43132059
43137058
43142056
43147055
43152053
43157052
43162050
43167049
43172047
43177046
43182044
43187043
43192041
43197040
43202038
43207037
43212035
43217034
43222032
43227031
43232029
43237028
43242026
43247025
43252023
43257022
43262020
43267019
43272017
43277016
43282014
43287013
43292011
43297010
43302008
43307007
43312005
43317004
43322002
43327001
43331999
43336998
43341996
43346995
43351993
43356992
43361990
43366989
43371987
43376986
43381984
43386983
43391981
43396980
43401978
43406977
43411975
43416974
43421972
43426971
43431969
43436968
43441966
43446965
43451963
43456962
43461960
43466959
43471957
43476956
43481954
43486953
43491951
43496950
43501948
43506947
43511945
43516944
43521942
43526941
43531939
43536938
43541936
43546935
43551933
43556932
43561930
43566929
43571927
43576926
43581924
43586923
43591921
43596920
43601918
43606917
43611915
43616914
43621912
43626911
43631909
43636908
43641906
43646905
43651903
43656902
43661900
43666899
43671897
43676896
43681894
43686893
43691891
43696890
43701888
43706887
43711885
43716884
43721882
43726881
43731879
43736878
43741876
43746875
43751873
43756872
43761870
43766869
43771867
43776866
43781864
43786863
43791861
43796860
43801858
43806857
43811855
43816854
43821852
43826851
43831849
43836848
43841846
43846845
43851843
43856842
43861840
43866839
43871837
43876836
43881834
43886833
43891831
43896830
43901828
43906827
43911825
43916824
43921822
43926821
43931819
43936818
43941816
43946815
43951813
43956812
43961810
43966809
43971807
43976806
43981804
43986803
43991801
43996800
44001798
44006797
44011795
44016794
44021792
44026791
44031789
44036788
44041786
44046785
44051783
44056782
44061780
44066779
44071777
44076776
44081774
44086773
44091771
44096770
44101768
44106767
44111765
44116764
44121762
44126761
44131759
44136758
44141756
44146755
44151753
44156752
44161750
44166749
44171747
44176746
44181744
44186743
44191741
44196740
44201738
44206737
44211735
44216734
44221732
44226731
44231729
44236728
44241726
44246725
44251723
44256722
44261720
44266719
44271717
44276716
44281714
44286713
44291711
44296710
44301708
44306707
44311705
44316704
44321702
44326701
44331699
44336698
44341696
44346695
44351693
44356692
44361690
44366689
44371687
44376686
44381684
44386683
44391681
44396680
44401678
44406677
44411675
44416674
44421672
44426671
44431669
44436668
44441666
44446665
44451663
44456662
44461660
44466659
44471657
44476656
44481654
44486653
44491651
44496650
44501648
44506647
44511645
44516644
44521642
44526641
44531639
44536638
44541636
44546635
44551633
44556632
44561630
44566629
44571627
44576626
44581624
44586623
44591621
44596620
44601618
44606617
44611615
44616614
44621612
44626611
44631609
44636608
44641606
44646605
44651603
44656602
44661600
44666599
44671597
44676596
44681594
44686593
44691591
44696590
44701588
44706587
44711585
44716584
44721582
44726581
44731579
44736578
44741576
44746575
44751573
44756572
44761570
44766569
44771567
44776566
44781564
44786563
44791561
44796560
44801558
44806557
44811555
44816554
44821552
44826551
44831549
44836548
44841546
44846545
44851543
44856542
44861540
44866539
44871537
44876536
44881534
44886533
44891531
44896530
44901528
44906527
44911525
44916524
44921522
44926521
44931519
44936518
44941516
44946515
44951513
44956512
44961510
44966509
44971507
44976506
44981504
44986503
44991501
44996500
45001498
45006497
45011495
45016494
45021492
45026491
45031489
45036488
45041486
45046485
45051483
45056482
45061480
45066479
45071477
45076476
45081474
45086473
45091471
45096470
45101468
45106467
45111465
45116464
45121462
45126461
45131459
45136458
45141456
45146455
45151453
45156452
45161450
45166449
45171447
45176446
45181444
45186443
45191441
45196440
45201438
45206437
45211435
45216434
45221432
45226431
45231429
45236428
45241426
45246425
45251423
45256422
45261420
45266419
45271417
45276416
45281414
45286413
45291411
45296410
45301408
45306407
45311405
45316404
45321402
45326401
45331399
45336398
45341396
45346395
45351393
45356392
45361390
45366389
45371387
45376386
45381384
45386383
45391381
45396380
45401378
45406377
45411375
45416374
45421372
45426371
45431369
45436368
45441366
45446365
45451363
45456362
45461360
45466359
45471357
45476356
45481354
45486353
45491351
45496350
45501348
45506347
45511345
45516344
45521342
45526341
45531339
45536338
45541336
45546335
45551333
45556332
45561330
45566329
45571327
45576326
45581324
45586323
45591321
45596320
45601318
45606317
45611315
45616314
45621312
45626311
45631309
45636308
45641306
45646305
45651303
45656302
45661300
45666299
45671297
45676296
45681294
45686293
45691291
45696290
45701288
45706287
45711285
45716284
45721282
45726281
45731279
45736278
45741276
45746275
45751273
45756272
45761270
45766269
45771267
45776266
45781264
45786263
45791261
45796260
45801258
45806257
45811255
45816254
45821252
45826251
45831249
45836248
45841246
45846245
45851243
45856242
45861240
45866239
45871237
45876236
45881234
45886233
45891231
45896230
45901228
45906227
45911225
45916224
45921222
45926221
45931219
45936218
45941216
45946215
45951213
45956212
45961210
45966209
45971207
45976206
45981204
45986203
45991201
45996200
46001198
46006197
46011195
46016194
46021192
46026191
46031189
46036188
46041186
46046185
46051183
46056182
46061180
46066179
46071177
46076176
46081174
46086173
46091171
46096170
46101168
46106167
46111165
46116164
46121162
46126161
46131159
46136158
46141156
46146155
46151153
46156152
46161150
46166149
46171147
46176146
46181144
46186143
46191141
46196140
46201138
46206137
46211135
46216134
46221132
46226131
46231129
46236128
46241126
46246125
46251123
46256122
46261120
46266119
46271117
46276116
46281114
46286113
46291111
46296110
46301108
46306107
46311105
46316104
46321102
46326101
46331099
46336098
46341096
46346095
46351093
46356092
46361090
46366089
46371087
46376086
46381084
46386083
46391081
46396080
46401078
46406077
46411075
46416074
46421072
46426071
46431069
46436068
46441066
46446065
46451063
46456062
46461060
46466059
46471057
46476056
46481054
46486053
46491051
46496050
46501048
46506047
46511045
46516044
46521042
46526041
46531039
46536038
46541036
46546035
46551033
46556032
46561030
46566029
46571027
46576026
46581024
46586023
46591021
46596020
46601018
46606017
46611015
46616014
46621012
46626011
46631009
46636008
46641006
46646005
46651003
46656002
46661000
46665999
46670997
46675996
46680994
46685993
46690991
46695990
46700988
46705987
46710985
46715984
46720982
46725981
46730979
46735978
46740976
46745975
46750973
46755972
46760970
46765969
46770967
46775966
46780964
46785963
46790961
46795960
46800958
46805957
46810955
46815954
46820952
46825951
46830949
46835948
46840946
46845945
46850943
46855942
46860940
46865939
46870937
46875936
46880934
46885933
46890931
46895930
46900928
46905927
46910925
46915924
46920922
46925921
46930919
46935918
46940916
46945915
46950913
46955912
46960910
46965909
46970907
46975906
46980904
46985903
46990901
46995900
47000898
47005897
47010895
47015894
47020892
47025891
47030889
47035888
47040886
47045885
47050883
47055882
47060880
47065879
47070877
47075876
47080874
47085873
47090871
47095870
47100868
47105867
47110865
47115864
47120862
47125861
47130859
47135858
47140856
47145855
47150853
47155852
47160850
47165849
47170847
47175846
47180844
47185843
47190841
47195840
47200838
47205837
47210835
47215834
47220832
47225831
47230829
47235828
47240826
47245825
47250823
47255822
47260820
47265819
47270817
47275816
47280814
47285813
47290811
47295810
47300808
47305807
47310805
47315804
47320802
47325801
47330799
47335798
47340796
47345795
47350793
47355792
47360790
47365789
47370787
47375786
47380784
47385783
47390781
47395780
47400778
47405777
47410775
47415774
47420772
47425771
47430769
47435768
47440766
47445765
47450763
47455762
47460760
47465759
47470757
47475756
47480754
47485753
47490751
47495750
47500748
47505747
47510745
47515744
47520742
47525741
47530739
47535738
47540736
47545735
47550733
47555732
47560730
47565729
47570727
47575726
47580724
47585723
47590721
47595720
47600718
47605717
47610715
47615714
47620712
47625711
47630709
47635708
47640706
47645705
47650703
47655702
47660700
47665699
47670697
47675696
47680694
47685693
47690691
47695690
47700688
47705687
47710685
47715684
47720682
47725681
47730679
47735678
47740676
47745675
47750673
47755672
47760670
47765669
47770667
47775666
47780664
47785663
47790661
47795660
47800658
47805657
47810655
47815654
47820652
47825651
47830649
47835648
47840646
47845645
47850643
47855642
47860640
47865639
47870637
47875636
47880634
47885633
47890631
47895630
47900628
47905627
47910625
47915624
47920622
47925621
47930619
47935618
47940616
47945615
47950613
47955612
47960610
47965609
47970607
47975606
47980604
47985603
47990601
47995600
48000598
48005597
48010595
48015594
48020592
48025591
48030589
48035588
48040586
48045585
48050583
48055582
48060580
48065579
48070577
48075576
48080574
48085573
48090571
48095570
48100568
48105567
48110565
48115564
48120562
48125561
48130559
48135558
48140556
48145555
48150553
48155552
48160550
48165549
48170547
48175546
48180544
48185543
48190541
48195540
48200538
48205537
48210535
48215534
48220532
48225531
48230529
48235528
48240526
48245525
48250523
48255522
48260520
48265519
48270517
48275516
48280514
48285513
48290511
48295510
48300508
48305507
48310505
48315504
48320502
48325501
48330499
48335498
48340496
48345495
48350493
48355492
48360490
48365489
48370487
48375486
48380484
48385483
48390481
48395480
48400478
48405477
48410475
48415474
48420472
48425471
48430469
48435468
48440466
48445465
48450463
48455462
48460460
48465459
48470457
48475456
48480454
48485453
48490451
48495450
48500448
48505447
48510445
48515444
48520442
48525441
48530439
48535438
48540436
48545435
48550433
48555432
48560430
48565429
48570427
48575426
48580424
48585423
48590421
48595420
48600418
48605417
48610415
48615414
48620412
48625411
48630409
48635408
48640406
48645405
48650403
48655402
48660400
48665399
48670397
48675396
48680394
48685393
48690391
48695390
48700388
48705387
48710385
48715384
48720382
48725381
48730379
48735378
48740376
48745375
48750373
48755372
48760370
48765369
48770367
48775366
48780364
48785363
48790361
48795360
48800358
48805357
48810355
48815354
48820352
48825351
48830349
48835348
48840346
48845345
48850343
48855342
48860340
48865339
48870337
48875336
48880334
48885333
48890331
48895330
48900328
48905327
48910325
48915324
48920322
48925321
48930319
48935318
48940316
48945315
48950313
48955312
48960310
48965309
48970307
48975306
48980304
48985303
48990301
48995300
49000298
49005297
49010295
49015294
49020292
49025291
49030289
49035288
49040286
49045285
49050283
49055282
49060280
49065279
49070277
49075276
49080274
49085273
49090271
49095270
49100268
49105267
49110265
49115264
49120262
49125261
49130259
49135258
49140256
49145255
49150253
49155252
49160250
49165249
49170247
49175246
49180244
49185243
49190241
49195240
49200238
49205237
49210235
49215234
49220232
49225231
49230229
49235228
49240226
49245225
49250223
49255222
49260220
49265219
49270217
49275216
49280214
49285213
49290211
49295210
49300208
49305207
49310205
49315204
49320202
49325201
49330199
49335198
49340196
49345195
49350193
49355192
49360190
49365189
49370187
49375186
49380184
49385183
49390181
49395180
49400178
49405177
49410175
49415174
49420172
49425171
49430169
49435168
49440166
49445165
49450163
49455162
49460160
49465159
49470157
49475156
49480154
49485153
49490151
49495150
49500148
49505147
49510145
49515144
49520142
49525141
49530139
49535138
49540136
49545135
49550133
49555132
49560130
49565129
49570127
49575126
49580124
49585123
49590121
49595120
49600118
49605117
49610115
49615114
49620112
49625111
49630109
49635108
49640106
49645105
49650103
49655102
49660100
49665099
49670097
49675096
49680094
49685093
49690091
49695090
49700088
49705087
49710085
49715084
49720082
49725081
49730079
49735078
49740076
49745075
49750073
49755072
49760070
49765069
49770067
49775066
49780064
49785063
49790061
49795060
49800058
49805057
49810055
49815054
49820052
49825051
49830049
49835048
49840046
49845045
49850043
49855042
49860040
49865039
49870037
49875036
49880034
49885033
49890031
49895030
49900028
49905027
49910025
49915024
49920022
49925021
49930019
49935018
49940016
49945015
49950013
49955012
49960010
49965009
49970007
49975006
49980004
49985003
49990001
49995000
