541335
38221
363223
565847
110947
813788
141578
484672
614065
920976
640331
123502
257977
5125
553749
267767
476041
183597
928972
27451
637200
59250
231762
172896
19328
74364
293246
771887
207884
377344
427142
174931
604975
209685
716809
463871
784037
184617
278898
71552
208532
344801
41918
644620
661844
91915
360194
118007
169362
736310
288221
278682
764705
836773
98695
307648
101898
196770
112940
94721
25510
301615
84430
502865
262005
123365
38583
201742
290386
114098
248931
919928
815509
130117
536303
127209
340921
340024
53125
415565
370523
121210
197662
594533
549794
627417
304716
428451
190709
225070
249548
581247
202733
557824
615238
355994
377420
849036
154329
69867
189529
777481
212175
2036
186210
84702
214951
599877
377309
52632
86597
570997
756400
335895
595161
445725
117182
439317
323739
254914
262799
433170
126517
164096
267849
317706
147816
6044
4100
178113
366686
370256
519037
219561
296449
284182
580202
488335
82631
345646
68269
233642
280235
4077
118884
376766
240849
169008
118038
267601
180465
67361
484404
184545
149079
108909
501538
60320
93714
567778
484897
564638
556455
69089
338468
56250
740813
602846
34686
33409
65788
545166
144996
34168
401702
558303
263493
18281
847672
99661
63839
455522
243880
11097
351863
704320
657274
17470
57802
69288
497248
298242
102722
14223
752863
61281
160927
166655
329672
130142
492279
84474
720181
65166
192103
883314
256034
523041
374287
769186
714652
45171
84645
230520
84161
77201
65300
727326
259648
287667
148609
20388
2005
143538
116206
152291
534408
447322
637562
473771
491240
207523
736802
361419
42646
121087
415297
141102
112064
60800
229048
493482
613835
315863
182146
231965
449602
94750
345147
301867
28778
802606
131976
83503
104365
463882
268344
268392
513035
376301
63870
633401
796789
156369
27674
161687
508997
639157
206312
222223
210970
506914
274513
248205
184118
347232
292361
534304
192550
642177
715613
558457
123139
705008
678502
321313
94701
122963
200628
641943
124373
779193
75246
548920
56912
240126
74068
10368
432519
403988
572923
268885
605522
491520
555232
394402
410279
554632
395506
41765
243039
44904
289259
704355
208818
333669
236681
146678
376395
820703
113651
149157
902800
655049
140313
15004
533049
133455
458698
170752
525007
123009
155476
65611
144779
174537
572630
277657
660051
142149
336629
383413
159492
435562
173191
328978
197926
92499
276763
124053
662145
806958
548381
503142
387971
14225
430098
446467
29331
102003
201688
639164
356990
46173
649339
533037
308369
923085
659290
400138
9352
612234
383664
744700
189425
29447
625941
87668
42767
55054
352852
642886
930207
933293
4038
334095
117947
97496
145154
833663
767430
493280
425813
735695
283754
231797
35703
38654
265072
736442
676698
438117
275986
249963
38404
168669
50092
118907
397389
26098
478056
51592
467678
27671
34202
357920
540956
550027
252731
306657
510603
13344
390871
354519
484917
389371
191255
89568
835120
312663
60840
418854
198615
12282
665251
612606
831802
254959
919178
277745
40094
202569
543933
545934
80253
7997
779321
439012
704236
441298
109163
275447
442365
498759
541055
68031
20090
115232
720798
276716
182169
340812
630395
28467
352842
868066
464848
358971
39041
404837
676428
729733
525645
518614
447383
338107
96597
706171
423644
291114
174241
27542
354539
563591
231147
59874
99814
360671
230327
137890
19406
538092
214581
655107
227994
524050
698384
187002
67143
405859
163056
670409
56982
416579
175983
579869
75332
120374
43513
439935
124440
197384
904496
503505
446019
465475
274187
41198
35964
208872
517672
60906
203284
294290
279072
151220
65726
549970
775032
657011
729050
112074
473899
244298
635579
309795
263201
108713
824475
197215
284265
350938
14030
234210
46289
621083
679632
900703
357842
24315
365423
118028
290280
229718
611163
475715
496200
103785
87341
661072
130435
312345
163078
500438
906469
332099
529850
171079
293750
441915
63404
15308
336227
55583
473765
25524
327916
451396
438138
236561
752623
66954
124888
247635
883545
206007
197581
271135
291019
621172
203538
533269
387646
300967
78426
159157
560770
68273
884248
429943
351654
374799
146013
617237
27642
361500
62049
231774
60065
203519
215421
305479
93419
189920
207514
221283
62873
267374
713103
86275
235506
229456
571350
605261
402050
128595
464306
120763
292487
179589
231963
330963
644025
182990
356554
217711
416890
13223
168406
407032
130330
439804
723250
245251
704454
495457
599432
134471
539722
143786
179879
256994
538753
343546
233750
785067
637324
868202
784913
57070
190324
65173
351861
652534
70882
83505
284453
20416
356659
491791
542620
49575
242331
75320
180112
788295
872088
519510
318483
517307
660643
715903
64247
729050
40884
689682
291046
849802
586664
639214
170419
492973
702695
268361
9160
87987
935203
608640
367819
355723
49432
763749
238966
461499
304084
220301
457254
497236
591554
541868
80204
919089
604446
834626
188980
79192
246597
403757
488760
282021
16549
87308
569342
61791
66394
167813
455412
525217
544371
384882
471021
902653
8065
625306
767320
274207
581277
322541
2062
180648
689634
258197
395362
46009
120965
811733
257735
854216
241309
35981
205617
627147
218917
392269
74969
676854
7992
366778
209752
324109
521887
80406
833338
107660
219177
6033
658248
80367
393398
72930
109889
138790
150067
539326
385922
68784
56736
195895
137483
631345
318146
166782
398403
553819
10200
164090
591079
235823
443431
199284
475028
418732
380078
21210
698112
94601
24586
18136
144590
555692
55464
481632
406447
185160
377590
788515
407666
143649
185141
389263
439863
23158
533270
188191
64079
809993
9098
548618
9150
290893
53009
175001
807552
404680
402746
189220
127418
202135
191177
69914
522245
120313
603268
268188
129307
259908
119082
115615
550502
557841
281659
89857
396698
685497
809105
288407
110956
696889
327133
243762
319749
800681
273592
186084
381131
407569
259740
966095
95439
545872
482645
531984
241781
681169
229025
43655
217596
153886
360440
755860
812904
389508
432844
231695
30713
499970
714375
802960
330273
13303
376857
878980
52054
648253
363392
225577
37756
574993
39088
176182
70208
313037
62067
282779
473560
480306
229768
470073
257114
26787
411517
219316
438826
19062
276656
241929
189055
174732
815718
316861
147876
58630
51246
2006
666441
116245
228615
233645
148548
457054
295716
19168
415342
71365
603551
539296
504981
147613
549314
281270
737815
394310
33211
880829
383935
72871
199280
138594
14226
458028
250218
1021
590457
525457
468162
338727
662102
696002
218327
467427
415257
604594
525936
351345
381550
815061
96607
426233
120002
96715
172582
33975
165484
591054
136909
714451
450044
306552
466252
256237
626544
371608
816592
30735
282480
151981
97719
667414
467342
37223
304547
856358
819193
401098
691536
726567
503767
366958
62799
870767
616644
12336
579709
399400
553388
