0.019516232023
0.019516232023
0.019974130387
0.019974130387
0.013279452176
0.013279452176
0.012908680877
0.012908680877
0.018566857914
0.018566857914
0.021688931147
0.021688931147
0.021960991540
0.021960991540
0.013572332584
0.013572332584
0.013180287292
0.013180287292
0.012509116891
0.012509116891
0.020232323524
0.020232323524
0.019825734956
0.019825734956
0.013019769729
0.013019769729
0.016979551348
0.016979551348
0.013956022779
0.013956022779
0.015527599534
0.015527599534
0.009643112739
0.009643112739
0.010048320692
0.010048320692
0.017543619026
0.017543619026
0.013608187993
0.013608187993
0.010459042837
0.010459042837
0.009954118682
0.009954118682
0.012534881276
0.012534881276
0.013019206680
0.013019206680
0.011232642693
0.011232642693
0.017654144841
0.017654144841
0.013650431113
0.013650431113
0.011336676842
0.011336676842
0.015050633238
0.015050633238
0.011244713989
0.011244713989
0.012760690718
0.012760690718
0.012131705048
0.012131705048
0.016385391871
0.016385391871
0.015811773373
0.015811773373
0.020204729596
0.020204729596
0.017614483159
0.017614483159
0.015734398433
0.015734398433
0.014942871277
0.014942871277
0.015298822117
0.015298822117
0.014336233741
0.014336233741
0.034407373749
0.034407373749
0.026469121306
0.026469121306
0.020124017383
0.020124017383
0.019135129151
0.019135129151
0.017620685604
0.017620685604
0.017620705495
0.017620705495
0.024528795144
0.024528795144
0.021397558050
0.021397558050
0.015678824315
0.015678824315
0.014247225672
0.014247225672
0.015821263046
0.015821263046
0.019217673483
0.019217673483
0.015421695473
0.015421695473
0.022217676530
0.022217676530
0.023608697560
0.023608697560
0.022340947822
0.022340947822
0.025015858046
0.025015858046
0.025056230802
0.025056230802
0.017726677176
0.017726677176
0.017686045556
0.017686045556
0.018720396982
0.018720396982
0.017060715030
0.017060715030
0.028601277161
0.028601277161
0.019413044938
0.019413044938
