21723
1081989
128907
3798407
15297095
4613931
3373361
51157
1936
9478798
476196
58370456
4162992
38066
444228735
11244495
2187286
339106
4597619
37243464
530586487
1720329
0
2632575
33064
439538
321953
552090
155989448
0
11586509
497
24143
13740
394063
125300
70647605
151247205
0
125033844
511326
8620821
2102765
544275
243350
898593
802677
60314
6144423
140474892
0
83095373
24
81655799
242194347
89777192
2184718
0
81089996
13183608
16306305
7394833
709559777
2595982
0
1198504485
6647428
16674
19997
155
184957
2035575
42755361
207194548
38877048
126441561
10520117
377145543
290270553
2331607
34271643
16811940
1269926
183928292
2047415
2
541
115120115
18229937
51380996
5937
897682551
92967904
637948
1229
963821335
124251309
71531455
14002844
353404295
95417861
14448061
143
53079489
275202
99711930
70455760
4322597
6687475
281
13908989
14220
889337
1520989
80784
4352204
643318189
937094
725361145
10896628
361930
803397739
103619928
0
23993
86166
1812408
16818
79373210
0
704399615
723624457
55374205
6564450
9719
16818
1368053137
2014237158
70549
30830843
88104141
5643
3732715
656081830
89577948
24681399
600973
512
151028497
1192414
370974
8055662
5006413
70175
89122606
423298532
50417122
80
435
361930
750510906
60463
8626329
235011909
5643
40255
3577879
73272
161931845
5597374
3308587
110
1950
3333107
1196728
59823434
1605069186
60611132
10382320
42220509
455729498
26376083
13050
48
949110
115288619
35622424
165
3222873
1477198
621
190678
67535
19923319
15065004
61676871
415504
253831
3190
259303
10152158
116462
94383900
532390499
18803362
233453
173098
393053
1649804691
785943
45751
118
235266400
1066
0
12
5661616
42934448
267834
0
6940281
54588188
65520444
5423243
0
159093979
32335937
888302
54874821
8035178
71514
2064634145
296153872
3120900
456759165
0
810598
24143
6316054
20612657
29158059
244219
461380423
74812
0
105685331
194593804
613819
4417473
9379360
332124360
151247205
227141396
8958743
819189935
326948
68955138
1933581
393
360862
2331607
26784248
2140516155
968823
902774200
82589329
155
71354
14220
30434895
37192432
244202895
906843645
484475071
12082298
363794887
47103464
2958
478052178
56104439
474340
34
200972534
0
1261
395390697
1002782860
308
143721
93732519
3028
169095734
74877
109479273
362906582
3577879
427077047
19957990
62631791
68
3484623
70296
9503544
172174
44358
398336276
316022655
12229
2275428
48585197
6
560783
1139014
141
6258086
11672215
36
799246
506848
1687033
14808
3308587
48955308
89122606
1721384223
1605069186
763
448
516773
7717779
350329851
102310327
307754900
890698821
4775725
28032795
11275
3100
178888900
1538949
15027623
7498565
238737682
88385184
31522025
3087416
1178484550
32152758
4108157
368249515
6955252
469897857
1487845
73078
194351
14339049
2846796
25
4678842
58919
307754900
1466032
558599379
1555378
57449961
17836
384904041
1687033
265877
2249363
54032
23332347
25919406
49335532
54425729
1222378612
12564
766567
5006413
162
3
27179
7185050
12203
798604
13615662
26479765
19781
454607507
16307663
330576617
1514601
135016797
139936112
145074015
556182
2299230
0
802677
0
90132
1086
2049177
51419715
346445
60721
234486526
259904
920180525
573552189
491100279
1806328060
60742
1558637
2750418
384743
25505
2272266
134685045
28034473
80102190
14800
17497973
91190237
616289
900522959
16275603
25637380
57466
1053926670
190678
245172889
36054327
1722325
931336
150353
333379
694814
76686
34940
37700
100266
127825924
18764790
71649648
244063978
190678
6905
48894
494334252
67417740
4773112
3883
188471
10404571
133658768
43136559
3145412
837702
83088187
149772
3256006
106602
113564407
2652371
660046825
216
12181494
1068428319
11356505
2568821
63101
1313
1913625
2116
117756508
7597
947392
35409
656528
40682
1660912
1326653
1843
5126021
470407823
7590
30712552
0
34
805884
308104549
65150
556182
23817
2535111
85
11999451
1535706676
6239
186650240
23228788
16222
16
0
1088
6271067
1466032
165857976
1753390
151028497
2
568284
272147
6748338
18
56254
660
49932717
14973344
35537149
26724949
0
64391658
782
91792349
229119258
506848
698414
285128
0
5973606
405812821
0
2521137
0
89122606
96121220
2325408336
33129695
31729
67467646
1014411
333649188
853305787
16222
13373412
364
0
3133533
191197415
573552189
5135
69917729
242
45768006
798633
3681553
2755825
2029624279
994
1615245
6896316
24280221
517932389
456345538
889337
439358495
2126423195
15
899759239
6459
7763
1030690
129143553
2184718
1035261620
6490
213106667
17074945
114263687
507850946
16222
338
5238928
16165
1209455
264517040
70345492
64490
845303
24140821
0
7477514
29685616
116245
60
422245
981600425
71532282
251696002
9043
499061678
10844132
126492566
2427224
12423367
9503544
7882461
468123419
368802599
102839365
44691498
2778177
290
0
26785
2143629
6249
41306248
15913362
20033
0
136
587445
121333554
0
177753440
1158226182
726379778
31412
2
90085
4131183
80155666
2850221
31282160
1753390
47116271
487283
38049520
172708781
81137150
174975977
20703
619
39916331
196427772
31704089
388
12485148
1226050
78424546
29984937
728170507
2788950
906847
226
5019089
124251309
1052
3222602
61976608
1188047646
167230
82446768
805884
3208366
19418055
8941931
3200423
12653
43491
2846796
25919406
224412538
67423363
0
558599379
320562
73924206
323595
245149999
900622404
75790920
201
305
10093424
3077520
82578220
55402662
3976977
7056
22845683
17678
138097458
139003567
15965144
490807
196091465
963566
31295235
198615
820
172937
3354325
605118
19784455
452176087
4585020
333379
37083
152102
582378484
27738654
1188047646
398144270
452024596
407986439
88598
423863807
316325215
26722039
116865087
292
5106730
69255100
979875891
494804
89814912
2699
8321
29119
0
504554650
12152399
2597122
2226458
153715400
6729784
4454827
21163579
286781423
243350
3916
40017
5867
167099845
153707
28626616
248083926
550758099
1329922
54597639
28852488
20040
2632575
8238312
598696
117401863
1071012744
0
1558637
904330275
13560
111262971
38249138
543963521
1877127
309918
269560904
138632502
128907
13547243
32253
522147
7531997
107032511
879716713
16697
96921
14887394
16428604
124251309
127304359
197939014
89814912
870677
30955
0
3190
1686699
2543803
77669350
22567
54996708
75
5221675
350005566
45643084
591347477
440302470
1915413
3709516
7144210
24864052
533016
223688
72619
7131763
8653
35569769
98509752
230506859
31992
279102
438440595
16774
79615156
18550211
0
701
19540
42586117
0
9581
1962146
51016
188295309
897682551
123405543
15
4775184
826728
54597639
6625755
2631
48601976
8266651
431205
30138437
36
0
571371397
107375
582378484
611120
1346
0
65846802
38
11225271
707204
43641149
197259777
393583
22744038
638052371
1223363936
1796423249
2123889
28573
7864
376819806
129
264680814
142626817
102651156
147195
0
284924564
21667449
19565480
5196673
893763971
23970369
9232484
0
1422110157
150170
118361
1733924
5006598
6740755
338
106796115
1530149
10983
802388
1036547
809140241
14607156
67412
1879581
34656639
0
14749
281023027
67535
190999896
60173900
48
14878973
87386
274187
199572792
3640946
7086721
104338983
167803130
1481038346
1209556378
54122643
125300
82136651
79764
128
728170507
53
2334
893763971
187475
381694400
3278
4479
439538
4146181
16
144
7394833
105426
136348
40286164
9232484
114328748
525
1373489
12485148
11313176
1965760
73706
156534208
20901
240158642
15
60
275
243582358
1078507
50980
1918054162
0
6108791
135220245
120
675
498214869
30
474
25463478
1634785
10682168
59940188
52627667
228086290
2334
47974
798735316
480
21032
4847110
314738
35827219
112497604
16175655
30868
5952022
119257498
1288
0
11244495
3200423
1036241236
19757318
327470772
0
139957
2343
309510917
624769
112807027
1440629026
292948
873
2211511
284084678
766493
507
111406
685383
